#
# There is insufficient memory for the Java Runtime Environment to continue.
# Native memory allocation (malloc) failed to allocate 279056 bytes for Chunk::new
# Possible reasons:
#   The system is out of physical RAM or swap space
#   The process is running with CompressedOops enabled, and the Java Heap may be blocking the growth of the native heap
# Possible solutions:
#   Reduce memory load on the system
#   Increase physical memory or swap space
#   Check if swap backing store is full
#   Decrease Java heap size (-Xmx/-Xms)
#   Decrease number of Java threads
#   Decrease Java thread stack sizes (-Xss)
#   Set larger code cache with -XX:ReservedCodeCacheSize=
#   JVM is running with Unscaled Compressed Oops mode in which the Java heap is
#     placed in the first 4GB address space. The Java Heap base address is the
#     maximum limit for the native heap growth. Please use -XX:HeapBaseMinAddress
#     to set the Java Heap base and to place the Java Heap above 4GB virtual address.
# This output file may be truncated or incomplete.
#
#  Out of Memory Error (arena.cpp:168), pid=5448, tid=5012
#
# JRE version: Java(TM) SE Runtime Environment (21.0.1+12) (build 21.0.1+12-LTS-29)
# Java VM: Java HotSpot(TM) 64-Bit Server VM (21.0.1+12-LTS-29, mixed mode, sharing, tiered, compressed oops, compressed class ptrs, g1 gc, windows-amd64)
# No core dump will be written. Minidumps are not enabled by default on client versions of Windows
#

---------------  S U M M A R Y ------------

Command Line: --add-opens=java.base/java.util=ALL-UNNAMED --add-opens=java.base/java.lang=ALL-UNNAMED --add-opens=java.base/java.lang.invoke=ALL-UNNAMED --add-opens=java.prefs/java.util.prefs=ALL-UNNAMED --add-opens=java.base/java.nio.charset=ALL-UNNAMED --add-opens=java.base/java.net=ALL-UNNAMED --add-opens=java.base/java.util.concurrent.atomic=ALL-UNNAMED -XX:MaxMetaspaceSize=384m -XX:+HeapDumpOnOutOfMemoryError -Xms256m -Xmx512m -Dfile.encoding=windows-1252 -Duser.country=IT -Duser.language=it -Duser.variant -javaagent:C:\Users\infod\.gradle\wrapper\dists\gradle-8.7-bin\bhs2wmbdwecv87pi65oeuq5iu\gradle-8.7\lib\agents\gradle-instrumentation-agent-8.7.jar org.gradle.launcher.daemon.bootstrap.GradleDaemon 8.7

Host: Intel(R) Core(TM) i5-3450 CPU @ 3.10GHz, 4 cores, 7G,  Windows 10 , 64 bit Build 19041 (10.0.19041.3636)
Time: Tue May 14 18:39:47 2024 ora legale Europa occ. elapsed time: 6.118586 seconds (0d 0h 0m 6s)

---------------  T H R E A D  ---------------

Current thread (0x000002885974a590):  JavaThread "C2 CompilerThread0" daemon [_thread_in_native, id=5012, stack(0x000000b38ef00000,0x000000b38f000000) (1024K)]


Current CompileTask:
C2:   6118 3291   !   4       java.util.zip.ZipFile$ZipFileInflaterInputStream::close (67 bytes)

Stack: [0x000000b38ef00000,0x000000b38f000000]
Native frames: (J=compiled Java code, j=interpreted, Vv=VM code, C=native code)
V  [jvm.dll+0x6c9029]
V  [jvm.dll+0x854b81]
V  [jvm.dll+0x856e5e]
V  [jvm.dll+0x857543]
V  [jvm.dll+0x280c06]
V  [jvm.dll+0xc3ead]
V  [jvm.dll+0xc43c3]
V  [jvm.dll+0x3b5732]
V  [jvm.dll+0x382475]
V  [jvm.dll+0x3818ea]
V  [jvm.dll+0x249ad0]
V  [jvm.dll+0x2490b1]
V  [jvm.dll+0x1c9ca1]
V  [jvm.dll+0x2586b9]
V  [jvm.dll+0x256c9a]
V  [jvm.dll+0x3ef1b6]
V  [jvm.dll+0x7fd728]
V  [jvm.dll+0x6c777d]
C  [ucrtbase.dll+0x21bb2]
C  [KERNEL32.DLL+0x17344]
C  [ntdll.dll+0x526b1]


---------------  P R O C E S S  ---------------

Threads class SMR info:
_java_thread_list=0x00000288755bba40, length=32, elements={
0x000002883f3cd0c0, 0x0000028859730e50, 0x00000288597319b0, 0x0000028859733240,
0x00000288597348c0, 0x0000028859737740, 0x000002885973a290, 0x000002885974a590,
0x0000028859747cd0, 0x0000028859978cf0, 0x0000028859ae86a0, 0x00000288742470d0,
0x000002887423ff50, 0x0000028874bd9490, 0x00000288743f00a0, 0x0000028874ccbab0,
0x00000288741da7f0, 0x00000288741e1820, 0x00000288748a07e0, 0x00000288748a0e70,
0x00000288748a1b90, 0x000002887489fac0, 0x000002887489eda0, 0x000002887489f430,
0x0000028859b89900, 0x00000288748a1500, 0x00000288748a0150, 0x0000028874fb7e40,
0x0000028874fb3610, 0x0000028874fb2260, 0x0000028874fb28f0, 0x0000028874fb2f80
}

Java Threads: ( => current thread )
  0x000002883f3cd0c0 JavaThread "main"                              [_thread_blocked, id=1792, stack(0x000000b38e100000,0x000000b38e200000) (1024K)]
  0x0000028859730e50 JavaThread "Reference Handler"          daemon [_thread_blocked, id=5928, stack(0x000000b38e900000,0x000000b38ea00000) (1024K)]
  0x00000288597319b0 JavaThread "Finalizer"                  daemon [_thread_blocked, id=14088, stack(0x000000b38ea00000,0x000000b38eb00000) (1024K)]
  0x0000028859733240 JavaThread "Signal Dispatcher"          daemon [_thread_blocked, id=3144, stack(0x000000b38eb00000,0x000000b38ec00000) (1024K)]
  0x00000288597348c0 JavaThread "Attach Listener"            daemon [_thread_blocked, id=9056, stack(0x000000b38ec00000,0x000000b38ed00000) (1024K)]
  0x0000028859737740 JavaThread "Service Thread"             daemon [_thread_blocked, id=12964, stack(0x000000b38ed00000,0x000000b38ee00000) (1024K)]
  0x000002885973a290 JavaThread "Monitor Deflation Thread"   daemon [_thread_blocked, id=13604, stack(0x000000b38ee00000,0x000000b38ef00000) (1024K)]
=>0x000002885974a590 JavaThread "C2 CompilerThread0"         daemon [_thread_in_native, id=5012, stack(0x000000b38ef00000,0x000000b38f000000) (1024K)]
  0x0000028859747cd0 JavaThread "C1 CompilerThread0"         daemon [_thread_blocked, id=1956, stack(0x000000b38f000000,0x000000b38f100000) (1024K)]
  0x0000028859978cf0 JavaThread "Common-Cleaner"             daemon [_thread_blocked, id=10372, stack(0x000000b38f100000,0x000000b38f200000) (1024K)]
  0x0000028859ae86a0 JavaThread "Notification Thread"        daemon [_thread_blocked, id=6888, stack(0x000000b38f200000,0x000000b38f300000) (1024K)]
  0x00000288742470d0 JavaThread "Daemon health stats"               [_thread_blocked, id=11476, stack(0x000000b38f700000,0x000000b38f800000) (1024K)]
  0x000002887423ff50 JavaThread "Incoming local TCP Connector on port 51162"        [_thread_in_native, id=7224, stack(0x000000b38f800000,0x000000b38f900000) (1024K)]
  0x0000028874bd9490 JavaThread "Daemon periodic checks"            [_thread_blocked, id=524, stack(0x000000b38f900000,0x000000b38fa00000) (1024K)]
  0x00000288743f00a0 JavaThread "Daemon"                            [_thread_blocked, id=8208, stack(0x000000b38fa00000,0x000000b38fb00000) (1024K)]
  0x0000028874ccbab0 JavaThread "Handler for socket connection from /127.0.0.1:51162 to /127.0.0.1:51163"        [_thread_in_native, id=11632, stack(0x000000b38fb00000,0x000000b38fc00000) (1024K)]
  0x00000288741da7f0 JavaThread "Cancel handler"                    [_thread_blocked, id=12084, stack(0x000000b38fc00000,0x000000b38fd00000) (1024K)]
  0x00000288741e1820 JavaThread "Daemon worker"                     [_thread_in_Java, id=7728, stack(0x000000b38fd00000,0x000000b38fe00000) (1024K)]
  0x00000288748a07e0 JavaThread "Asynchronous log dispatcher for DefaultDaemonConnection: socket connection from /127.0.0.1:51162 to /127.0.0.1:51163"        [_thread_blocked, id=12772, stack(0x000000b38fe00000,0x000000b38ff00000) (1024K)]
  0x00000288748a0e70 JavaThread "Stdin handler"                     [_thread_blocked, id=1504, stack(0x000000b38ff00000,0x000000b390000000) (1024K)]
  0x00000288748a1b90 JavaThread "Daemon client event forwarder"        [_thread_blocked, id=1908, stack(0x000000b390000000,0x000000b390100000) (1024K)]
  0x000002887489fac0 JavaThread "Cache worker for journal cache (C:\Users\infod\.gradle\caches\journal-1)"        [_thread_blocked, id=11048, stack(0x000000b390100000,0x000000b390200000) (1024K)]
  0x000002887489eda0 JavaThread "File lock request listener"        [_thread_in_native, id=7116, stack(0x000000b38f300000,0x000000b38f400000) (1024K)]
  0x000002887489f430 JavaThread "Cache worker for file hash cache (C:\Users\infod\.gradle\caches\8.7\fileHashes)"        [_thread_blocked, id=12432, stack(0x000000b390200000,0x000000b390300000) (1024K)]
  0x0000028859b89900 JavaThread "C2 CompilerThread1"         daemon [_thread_in_native, id=2956, stack(0x000000b390300000,0x000000b390400000) (1024K)]
  0x00000288748a1500 JavaThread "Cache worker for file hash cache (C:\Users\infod\IdeaProjects\abstractfactorygradle\.gradle\8.7\fileHashes)"        [_thread_blocked, id=5392, stack(0x000000b390400000,0x000000b390500000) (1024K)]
  0x00000288748a0150 JavaThread "File watcher server"        daemon [_thread_in_native, id=232, stack(0x000000b390500000,0x000000b390600000) (1024K)]
  0x0000028874fb7e40 JavaThread "File watcher consumer"      daemon [_thread_blocked, id=1224, stack(0x000000b390600000,0x000000b390700000) (1024K)]
  0x0000028874fb3610 JavaThread "Cache worker for checksums cache (C:\Users\infod\IdeaProjects\abstractfactorygradle\.gradle\8.7\checksums)"        [_thread_blocked, id=3152, stack(0x000000b390700000,0x000000b390800000) (1024K)]
  0x0000028874fb2260 JavaThread "File lock release action executor"        [_thread_blocked, id=7556, stack(0x000000b390800000,0x000000b390900000) (1024K)]
  0x0000028874fb28f0 JavaThread "Cache worker for cache directory md-supplier (C:\Users\infod\.gradle\caches\8.7\md-supplier)"        [_thread_blocked, id=7772, stack(0x000000b390900000,0x000000b390a00000) (1024K)]
  0x0000028874fb2f80 JavaThread "Cache worker for cache directory md-rule (C:\Users\infod\.gradle\caches\8.7\md-rule)"        [_thread_blocked, id=1172, stack(0x000000b390a00000,0x000000b390b00000) (1024K)]
Total: 32

Other Threads:
  0x0000028859713490 VMThread "VM Thread"                           [id=11404, stack(0x000000b38e800000,0x000000b38e900000) (1024K)]
  0x00000288596f9b30 WatcherThread "VM Periodic Task Thread"        [id=10496, stack(0x000000b38e700000,0x000000b38e800000) (1024K)]
  0x000002883f3f8ef0 WorkerThread "GC Thread#0"                     [id=2288, stack(0x000000b38e200000,0x000000b38e300000) (1024K)]
  0x0000028873024170 WorkerThread "GC Thread#1"                     [id=3148, stack(0x000000b38f400000,0x000000b38f500000) (1024K)]
  0x0000028859c8cc90 WorkerThread "GC Thread#2"                     [id=12700, stack(0x000000b38f500000,0x000000b38f600000) (1024K)]
  0x0000028859c8b330 WorkerThread "GC Thread#3"                     [id=9852, stack(0x000000b38f600000,0x000000b38f700000) (1024K)]
  0x000002883f3fe7a0 ConcurrentGCThread "G1 Main Marker"            [id=12060, stack(0x000000b38e300000,0x000000b38e400000) (1024K)]
  0x000002883f400160 WorkerThread "G1 Conc#0"                       [id=12672, stack(0x000000b38e400000,0x000000b38e500000) (1024K)]
  0x000002883f49e6d0 ConcurrentGCThread "G1 Refine#0"               [id=14192, stack(0x000000b38e500000,0x000000b38e600000) (1024K)]
  0x00000288595cf390 ConcurrentGCThread "G1 Service"                [id=3744, stack(0x000000b38e600000,0x000000b38e700000) (1024K)]
Total: 10

Threads with active compile tasks:
C2 CompilerThread0     6154 3291   !   4       java.util.zip.ZipFile$ZipFileInflaterInputStream::close (67 bytes)
C2 CompilerThread1     6154 3307       4       org.objectweb.asm.SymbolTable::addConstantUtf8 (98 bytes)
Total: 2

VM state: not at safepoint (normal execution)

VM Mutex/Monitor currently owned by a thread: None

Heap address: 0x00000000e0000000, size: 512 MB, Compressed Oops mode: 32-bit

CDS archive(s) mapped at: [0x000002885a000000-0x000002885ac90000-0x000002885ac90000), size 13172736, SharedBaseAddress: 0x000002885a000000, ArchiveRelocationMode: 1.
Compressed class space mapped at: 0x000002885b000000-0x000002886f000000, reserved size: 335544320
Narrow klass base: 0x000002885a000000, Narrow klass shift: 0, Narrow klass range: 0x100000000

GC Precious Log:
 CardTable entry size: 512
 Card Set container configuration: InlinePtr #cards 5 size 8 Array Of Cards #cards 12 size 40 Howl #buckets 4 coarsen threshold 1843 Howl Bitmap #cards 512 size 80 coarsen threshold 460 Card regions per heap region 1 cards per card region 2048
 CPUs: 4 total, 4 available
 Memory: 7889M
 Large Page Support: Disabled
 NUMA Support: Disabled
 Compressed Oops: Enabled (32-bit)
 Heap Region Size: 1M
 Heap Min Capacity: 256M
 Heap Initial Capacity: 256M
 Heap Max Capacity: 512M
 Pre-touch: Disabled
 Parallel Workers: 4
 Concurrent Workers: 1
 Concurrent Refinement Workers: 4
 Periodic GC: Disabled

Heap:
 garbage-first heap   total 262144K, used 58359K [0x00000000e0000000, 0x0000000100000000)
  region size 1024K, 49 young (50176K), 13 survivors (13312K)
 Metaspace       used 25323K, committed 26368K, reserved 393216K
  class space    used 3805K, committed 4288K, reserved 327680K

Heap Regions: E=young(eden), S=young(survivor), O=old, HS=humongous(starts), HC=humongous(continues), CS=collection set, F=free, TAMS=top-at-mark-start, PB=parsable bottom
|   0|0x00000000e0000000, 0x00000000e0100000, 0x00000000e0100000|100%| O|  |TAMS 0x00000000e0000000| PB 0x00000000e0000000| Untracked 
|   1|0x00000000e0100000, 0x00000000e0200000, 0x00000000e0200000|100%|HS|  |TAMS 0x00000000e0100000| PB 0x00000000e0100000| Complete 
|   2|0x00000000e0200000, 0x00000000e0300000, 0x00000000e0300000|100%|HC|  |TAMS 0x00000000e0200000| PB 0x00000000e0200000| Complete 
|   3|0x00000000e0300000, 0x00000000e0400000, 0x00000000e0400000|100%|HC|  |TAMS 0x00000000e0300000| PB 0x00000000e0300000| Complete 
|   4|0x00000000e0400000, 0x00000000e0500000, 0x00000000e0500000|100%|HC|  |TAMS 0x00000000e0400000| PB 0x00000000e0400000| Complete 
|   5|0x00000000e0500000, 0x00000000e0600000, 0x00000000e0600000|100%| O|  |TAMS 0x00000000e0500000| PB 0x00000000e0500000| Untracked 
|   6|0x00000000e0600000, 0x00000000e0700000, 0x00000000e0700000|100%| O|  |TAMS 0x00000000e0600000| PB 0x00000000e0600000| Untracked 
|   7|0x00000000e0700000, 0x00000000e0800000, 0x00000000e0800000|100%| O|Cm|TAMS 0x00000000e0700000| PB 0x00000000e0700000| Complete 
|   8|0x00000000e0800000, 0x00000000e0800000, 0x00000000e0900000|  0%| F|  |TAMS 0x00000000e0800000| PB 0x00000000e0800000| Untracked 
|   9|0x00000000e0900000, 0x00000000e0a00000, 0x00000000e0a00000|100%| O|  |TAMS 0x00000000e0900000| PB 0x00000000e0900000| Untracked 
|  10|0x00000000e0a00000, 0x00000000e0b00000, 0x00000000e0b00000|100%| O|  |TAMS 0x00000000e0a00000| PB 0x00000000e0a00000| Untracked 
|  11|0x00000000e0b00000, 0x00000000e0bb1100, 0x00000000e0c00000| 69%| O|  |TAMS 0x00000000e0b00000| PB 0x00000000e0b00000| Untracked 
|  12|0x00000000e0c00000, 0x00000000e0c00000, 0x00000000e0d00000|  0%| F|  |TAMS 0x00000000e0c00000| PB 0x00000000e0c00000| Untracked 
|  13|0x00000000e0d00000, 0x00000000e0d00000, 0x00000000e0e00000|  0%| F|  |TAMS 0x00000000e0d00000| PB 0x00000000e0d00000| Untracked 
|  14|0x00000000e0e00000, 0x00000000e0e00000, 0x00000000e0f00000|  0%| F|  |TAMS 0x00000000e0e00000| PB 0x00000000e0e00000| Untracked 
|  15|0x00000000e0f00000, 0x00000000e0f00000, 0x00000000e1000000|  0%| F|  |TAMS 0x00000000e0f00000| PB 0x00000000e0f00000| Untracked 
|  16|0x00000000e1000000, 0x00000000e1000000, 0x00000000e1100000|  0%| F|  |TAMS 0x00000000e1000000| PB 0x00000000e1000000| Untracked 
|  17|0x00000000e1100000, 0x00000000e1100000, 0x00000000e1200000|  0%| F|  |TAMS 0x00000000e1100000| PB 0x00000000e1100000| Untracked 
|  18|0x00000000e1200000, 0x00000000e1200000, 0x00000000e1300000|  0%| F|  |TAMS 0x00000000e1200000| PB 0x00000000e1200000| Untracked 
|  19|0x00000000e1300000, 0x00000000e1300000, 0x00000000e1400000|  0%| F|  |TAMS 0x00000000e1300000| PB 0x00000000e1300000| Untracked 
|  20|0x00000000e1400000, 0x00000000e1400000, 0x00000000e1500000|  0%| F|  |TAMS 0x00000000e1400000| PB 0x00000000e1400000| Untracked 
|  21|0x00000000e1500000, 0x00000000e1500000, 0x00000000e1600000|  0%| F|  |TAMS 0x00000000e1500000| PB 0x00000000e1500000| Untracked 
|  22|0x00000000e1600000, 0x00000000e1600000, 0x00000000e1700000|  0%| F|  |TAMS 0x00000000e1600000| PB 0x00000000e1600000| Untracked 
|  23|0x00000000e1700000, 0x00000000e1700000, 0x00000000e1800000|  0%| F|  |TAMS 0x00000000e1700000| PB 0x00000000e1700000| Untracked 
|  24|0x00000000e1800000, 0x00000000e1800000, 0x00000000e1900000|  0%| F|  |TAMS 0x00000000e1800000| PB 0x00000000e1800000| Untracked 
|  25|0x00000000e1900000, 0x00000000e1900000, 0x00000000e1a00000|  0%| F|  |TAMS 0x00000000e1900000| PB 0x00000000e1900000| Untracked 
|  26|0x00000000e1a00000, 0x00000000e1a00000, 0x00000000e1b00000|  0%| F|  |TAMS 0x00000000e1a00000| PB 0x00000000e1a00000| Untracked 
|  27|0x00000000e1b00000, 0x00000000e1b00000, 0x00000000e1c00000|  0%| F|  |TAMS 0x00000000e1b00000| PB 0x00000000e1b00000| Untracked 
|  28|0x00000000e1c00000, 0x00000000e1c00000, 0x00000000e1d00000|  0%| F|  |TAMS 0x00000000e1c00000| PB 0x00000000e1c00000| Untracked 
|  29|0x00000000e1d00000, 0x00000000e1d00000, 0x00000000e1e00000|  0%| F|  |TAMS 0x00000000e1d00000| PB 0x00000000e1d00000| Untracked 
|  30|0x00000000e1e00000, 0x00000000e1e00000, 0x00000000e1f00000|  0%| F|  |TAMS 0x00000000e1e00000| PB 0x00000000e1e00000| Untracked 
|  31|0x00000000e1f00000, 0x00000000e1f00000, 0x00000000e2000000|  0%| F|  |TAMS 0x00000000e1f00000| PB 0x00000000e1f00000| Untracked 
|  32|0x00000000e2000000, 0x00000000e2000000, 0x00000000e2100000|  0%| F|  |TAMS 0x00000000e2000000| PB 0x00000000e2000000| Untracked 
|  33|0x00000000e2100000, 0x00000000e2100000, 0x00000000e2200000|  0%| F|  |TAMS 0x00000000e2100000| PB 0x00000000e2100000| Untracked 
|  34|0x00000000e2200000, 0x00000000e2200000, 0x00000000e2300000|  0%| F|  |TAMS 0x00000000e2200000| PB 0x00000000e2200000| Untracked 
|  35|0x00000000e2300000, 0x00000000e2300000, 0x00000000e2400000|  0%| F|  |TAMS 0x00000000e2300000| PB 0x00000000e2300000| Untracked 
|  36|0x00000000e2400000, 0x00000000e2400000, 0x00000000e2500000|  0%| F|  |TAMS 0x00000000e2400000| PB 0x00000000e2400000| Untracked 
|  37|0x00000000e2500000, 0x00000000e2500000, 0x00000000e2600000|  0%| F|  |TAMS 0x00000000e2500000| PB 0x00000000e2500000| Untracked 
|  38|0x00000000e2600000, 0x00000000e2600000, 0x00000000e2700000|  0%| F|  |TAMS 0x00000000e2600000| PB 0x00000000e2600000| Untracked 
|  39|0x00000000e2700000, 0x00000000e2700000, 0x00000000e2800000|  0%| F|  |TAMS 0x00000000e2700000| PB 0x00000000e2700000| Untracked 
|  40|0x00000000e2800000, 0x00000000e2800000, 0x00000000e2900000|  0%| F|  |TAMS 0x00000000e2800000| PB 0x00000000e2800000| Untracked 
|  41|0x00000000e2900000, 0x00000000e2900000, 0x00000000e2a00000|  0%| F|  |TAMS 0x00000000e2900000| PB 0x00000000e2900000| Untracked 
|  42|0x00000000e2a00000, 0x00000000e2a00000, 0x00000000e2b00000|  0%| F|  |TAMS 0x00000000e2a00000| PB 0x00000000e2a00000| Untracked 
|  43|0x00000000e2b00000, 0x00000000e2b00000, 0x00000000e2c00000|  0%| F|  |TAMS 0x00000000e2b00000| PB 0x00000000e2b00000| Untracked 
|  44|0x00000000e2c00000, 0x00000000e2c00000, 0x00000000e2d00000|  0%| F|  |TAMS 0x00000000e2c00000| PB 0x00000000e2c00000| Untracked 
|  45|0x00000000e2d00000, 0x00000000e2d00000, 0x00000000e2e00000|  0%| F|  |TAMS 0x00000000e2d00000| PB 0x00000000e2d00000| Untracked 
|  46|0x00000000e2e00000, 0x00000000e2e00000, 0x00000000e2f00000|  0%| F|  |TAMS 0x00000000e2e00000| PB 0x00000000e2e00000| Untracked 
|  47|0x00000000e2f00000, 0x00000000e2f00000, 0x00000000e3000000|  0%| F|  |TAMS 0x00000000e2f00000| PB 0x00000000e2f00000| Untracked 
|  48|0x00000000e3000000, 0x00000000e3000000, 0x00000000e3100000|  0%| F|  |TAMS 0x00000000e3000000| PB 0x00000000e3000000| Untracked 
|  49|0x00000000e3100000, 0x00000000e3100000, 0x00000000e3200000|  0%| F|  |TAMS 0x00000000e3100000| PB 0x00000000e3100000| Untracked 
|  50|0x00000000e3200000, 0x00000000e3200000, 0x00000000e3300000|  0%| F|  |TAMS 0x00000000e3200000| PB 0x00000000e3200000| Untracked 
|  51|0x00000000e3300000, 0x00000000e3300000, 0x00000000e3400000|  0%| F|  |TAMS 0x00000000e3300000| PB 0x00000000e3300000| Untracked 
|  52|0x00000000e3400000, 0x00000000e3400000, 0x00000000e3500000|  0%| F|  |TAMS 0x00000000e3400000| PB 0x00000000e3400000| Untracked 
|  53|0x00000000e3500000, 0x00000000e3500000, 0x00000000e3600000|  0%| F|  |TAMS 0x00000000e3500000| PB 0x00000000e3500000| Untracked 
|  54|0x00000000e3600000, 0x00000000e3600000, 0x00000000e3700000|  0%| F|  |TAMS 0x00000000e3600000| PB 0x00000000e3600000| Untracked 
|  55|0x00000000e3700000, 0x00000000e3700000, 0x00000000e3800000|  0%| F|  |TAMS 0x00000000e3700000| PB 0x00000000e3700000| Untracked 
|  56|0x00000000e3800000, 0x00000000e3800000, 0x00000000e3900000|  0%| F|  |TAMS 0x00000000e3800000| PB 0x00000000e3800000| Untracked 
|  57|0x00000000e3900000, 0x00000000e3900000, 0x00000000e3a00000|  0%| F|  |TAMS 0x00000000e3900000| PB 0x00000000e3900000| Untracked 
|  58|0x00000000e3a00000, 0x00000000e3a00000, 0x00000000e3b00000|  0%| F|  |TAMS 0x00000000e3a00000| PB 0x00000000e3a00000| Untracked 
|  59|0x00000000e3b00000, 0x00000000e3b00000, 0x00000000e3c00000|  0%| F|  |TAMS 0x00000000e3b00000| PB 0x00000000e3b00000| Untracked 
|  60|0x00000000e3c00000, 0x00000000e3c00000, 0x00000000e3d00000|  0%| F|  |TAMS 0x00000000e3c00000| PB 0x00000000e3c00000| Untracked 
|  61|0x00000000e3d00000, 0x00000000e3d00000, 0x00000000e3e00000|  0%| F|  |TAMS 0x00000000e3d00000| PB 0x00000000e3d00000| Untracked 
|  62|0x00000000e3e00000, 0x00000000e3e00000, 0x00000000e3f00000|  0%| F|  |TAMS 0x00000000e3e00000| PB 0x00000000e3e00000| Untracked 
|  63|0x00000000e3f00000, 0x00000000e3f00000, 0x00000000e4000000|  0%| F|  |TAMS 0x00000000e3f00000| PB 0x00000000e3f00000| Untracked 
|  64|0x00000000e4000000, 0x00000000e4000000, 0x00000000e4100000|  0%| F|  |TAMS 0x00000000e4000000| PB 0x00000000e4000000| Untracked 
|  65|0x00000000e4100000, 0x00000000e4100000, 0x00000000e4200000|  0%| F|  |TAMS 0x00000000e4100000| PB 0x00000000e4100000| Untracked 
|  66|0x00000000e4200000, 0x00000000e4200000, 0x00000000e4300000|  0%| F|  |TAMS 0x00000000e4200000| PB 0x00000000e4200000| Untracked 
|  67|0x00000000e4300000, 0x00000000e4300000, 0x00000000e4400000|  0%| F|  |TAMS 0x00000000e4300000| PB 0x00000000e4300000| Untracked 
|  68|0x00000000e4400000, 0x00000000e4400000, 0x00000000e4500000|  0%| F|  |TAMS 0x00000000e4400000| PB 0x00000000e4400000| Untracked 
|  69|0x00000000e4500000, 0x00000000e4500000, 0x00000000e4600000|  0%| F|  |TAMS 0x00000000e4500000| PB 0x00000000e4500000| Untracked 
|  70|0x00000000e4600000, 0x00000000e4600000, 0x00000000e4700000|  0%| F|  |TAMS 0x00000000e4600000| PB 0x00000000e4600000| Untracked 
|  71|0x00000000e4700000, 0x00000000e4700000, 0x00000000e4800000|  0%| F|  |TAMS 0x00000000e4700000| PB 0x00000000e4700000| Untracked 
|  72|0x00000000e4800000, 0x00000000e4800000, 0x00000000e4900000|  0%| F|  |TAMS 0x00000000e4800000| PB 0x00000000e4800000| Untracked 
|  73|0x00000000e4900000, 0x00000000e4900000, 0x00000000e4a00000|  0%| F|  |TAMS 0x00000000e4900000| PB 0x00000000e4900000| Untracked 
|  74|0x00000000e4a00000, 0x00000000e4a00000, 0x00000000e4b00000|  0%| F|  |TAMS 0x00000000e4a00000| PB 0x00000000e4a00000| Untracked 
|  75|0x00000000e4b00000, 0x00000000e4b00000, 0x00000000e4c00000|  0%| F|  |TAMS 0x00000000e4b00000| PB 0x00000000e4b00000| Untracked 
|  76|0x00000000e4c00000, 0x00000000e4c00000, 0x00000000e4d00000|  0%| F|  |TAMS 0x00000000e4c00000| PB 0x00000000e4c00000| Untracked 
|  77|0x00000000e4d00000, 0x00000000e4d00000, 0x00000000e4e00000|  0%| F|  |TAMS 0x00000000e4d00000| PB 0x00000000e4d00000| Untracked 
|  78|0x00000000e4e00000, 0x00000000e4e00000, 0x00000000e4f00000|  0%| F|  |TAMS 0x00000000e4e00000| PB 0x00000000e4e00000| Untracked 
|  79|0x00000000e4f00000, 0x00000000e4f00000, 0x00000000e5000000|  0%| F|  |TAMS 0x00000000e4f00000| PB 0x00000000e4f00000| Untracked 
|  80|0x00000000e5000000, 0x00000000e5000000, 0x00000000e5100000|  0%| F|  |TAMS 0x00000000e5000000| PB 0x00000000e5000000| Untracked 
|  81|0x00000000e5100000, 0x00000000e5100000, 0x00000000e5200000|  0%| F|  |TAMS 0x00000000e5100000| PB 0x00000000e5100000| Untracked 
|  82|0x00000000e5200000, 0x00000000e5200000, 0x00000000e5300000|  0%| F|  |TAMS 0x00000000e5200000| PB 0x00000000e5200000| Untracked 
|  83|0x00000000e5300000, 0x00000000e5300000, 0x00000000e5400000|  0%| F|  |TAMS 0x00000000e5300000| PB 0x00000000e5300000| Untracked 
|  84|0x00000000e5400000, 0x00000000e5400000, 0x00000000e5500000|  0%| F|  |TAMS 0x00000000e5400000| PB 0x00000000e5400000| Untracked 
|  85|0x00000000e5500000, 0x00000000e5500000, 0x00000000e5600000|  0%| F|  |TAMS 0x00000000e5500000| PB 0x00000000e5500000| Untracked 
|  86|0x00000000e5600000, 0x00000000e5600000, 0x00000000e5700000|  0%| F|  |TAMS 0x00000000e5600000| PB 0x00000000e5600000| Untracked 
|  87|0x00000000e5700000, 0x00000000e5700000, 0x00000000e5800000|  0%| F|  |TAMS 0x00000000e5700000| PB 0x00000000e5700000| Untracked 
|  88|0x00000000e5800000, 0x00000000e5800000, 0x00000000e5900000|  0%| F|  |TAMS 0x00000000e5800000| PB 0x00000000e5800000| Untracked 
|  89|0x00000000e5900000, 0x00000000e5900000, 0x00000000e5a00000|  0%| F|  |TAMS 0x00000000e5900000| PB 0x00000000e5900000| Untracked 
|  90|0x00000000e5a00000, 0x00000000e5a00000, 0x00000000e5b00000|  0%| F|  |TAMS 0x00000000e5a00000| PB 0x00000000e5a00000| Untracked 
|  91|0x00000000e5b00000, 0x00000000e5b00000, 0x00000000e5c00000|  0%| F|  |TAMS 0x00000000e5b00000| PB 0x00000000e5b00000| Untracked 
|  92|0x00000000e5c00000, 0x00000000e5c00000, 0x00000000e5d00000|  0%| F|  |TAMS 0x00000000e5c00000| PB 0x00000000e5c00000| Untracked 
|  93|0x00000000e5d00000, 0x00000000e5d00000, 0x00000000e5e00000|  0%| F|  |TAMS 0x00000000e5d00000| PB 0x00000000e5d00000| Untracked 
|  94|0x00000000e5e00000, 0x00000000e5e00000, 0x00000000e5f00000|  0%| F|  |TAMS 0x00000000e5e00000| PB 0x00000000e5e00000| Untracked 
|  95|0x00000000e5f00000, 0x00000000e5f00000, 0x00000000e6000000|  0%| F|  |TAMS 0x00000000e5f00000| PB 0x00000000e5f00000| Untracked 
|  96|0x00000000e6000000, 0x00000000e6000000, 0x00000000e6100000|  0%| F|  |TAMS 0x00000000e6000000| PB 0x00000000e6000000| Untracked 
|  97|0x00000000e6100000, 0x00000000e6100000, 0x00000000e6200000|  0%| F|  |TAMS 0x00000000e6100000| PB 0x00000000e6100000| Untracked 
|  98|0x00000000e6200000, 0x00000000e6200000, 0x00000000e6300000|  0%| F|  |TAMS 0x00000000e6200000| PB 0x00000000e6200000| Untracked 
|  99|0x00000000e6300000, 0x00000000e6300000, 0x00000000e6400000|  0%| F|  |TAMS 0x00000000e6300000| PB 0x00000000e6300000| Untracked 
| 100|0x00000000e6400000, 0x00000000e6400000, 0x00000000e6500000|  0%| F|  |TAMS 0x00000000e6400000| PB 0x00000000e6400000| Untracked 
| 101|0x00000000e6500000, 0x00000000e6500000, 0x00000000e6600000|  0%| F|  |TAMS 0x00000000e6500000| PB 0x00000000e6500000| Untracked 
| 102|0x00000000e6600000, 0x00000000e6600000, 0x00000000e6700000|  0%| F|  |TAMS 0x00000000e6600000| PB 0x00000000e6600000| Untracked 
| 103|0x00000000e6700000, 0x00000000e6700000, 0x00000000e6800000|  0%| F|  |TAMS 0x00000000e6700000| PB 0x00000000e6700000| Untracked 
| 104|0x00000000e6800000, 0x00000000e6800000, 0x00000000e6900000|  0%| F|  |TAMS 0x00000000e6800000| PB 0x00000000e6800000| Untracked 
| 105|0x00000000e6900000, 0x00000000e6900000, 0x00000000e6a00000|  0%| F|  |TAMS 0x00000000e6900000| PB 0x00000000e6900000| Untracked 
| 106|0x00000000e6a00000, 0x00000000e6a00000, 0x00000000e6b00000|  0%| F|  |TAMS 0x00000000e6a00000| PB 0x00000000e6a00000| Untracked 
| 107|0x00000000e6b00000, 0x00000000e6b00000, 0x00000000e6c00000|  0%| F|  |TAMS 0x00000000e6b00000| PB 0x00000000e6b00000| Untracked 
| 108|0x00000000e6c00000, 0x00000000e6c00000, 0x00000000e6d00000|  0%| F|  |TAMS 0x00000000e6c00000| PB 0x00000000e6c00000| Untracked 
| 109|0x00000000e6d00000, 0x00000000e6d00000, 0x00000000e6e00000|  0%| F|  |TAMS 0x00000000e6d00000| PB 0x00000000e6d00000| Untracked 
| 110|0x00000000e6e00000, 0x00000000e6e00000, 0x00000000e6f00000|  0%| F|  |TAMS 0x00000000e6e00000| PB 0x00000000e6e00000| Untracked 
| 111|0x00000000e6f00000, 0x00000000e6f00000, 0x00000000e7000000|  0%| F|  |TAMS 0x00000000e6f00000| PB 0x00000000e6f00000| Untracked 
| 112|0x00000000e7000000, 0x00000000e7000000, 0x00000000e7100000|  0%| F|  |TAMS 0x00000000e7000000| PB 0x00000000e7000000| Untracked 
| 113|0x00000000e7100000, 0x00000000e7100000, 0x00000000e7200000|  0%| F|  |TAMS 0x00000000e7100000| PB 0x00000000e7100000| Untracked 
| 114|0x00000000e7200000, 0x00000000e7200000, 0x00000000e7300000|  0%| F|  |TAMS 0x00000000e7200000| PB 0x00000000e7200000| Untracked 
| 115|0x00000000e7300000, 0x00000000e7300000, 0x00000000e7400000|  0%| F|  |TAMS 0x00000000e7300000| PB 0x00000000e7300000| Untracked 
| 116|0x00000000e7400000, 0x00000000e7400000, 0x00000000e7500000|  0%| F|  |TAMS 0x00000000e7400000| PB 0x00000000e7400000| Untracked 
| 117|0x00000000e7500000, 0x00000000e7500000, 0x00000000e7600000|  0%| F|  |TAMS 0x00000000e7500000| PB 0x00000000e7500000| Untracked 
| 118|0x00000000e7600000, 0x00000000e7600000, 0x00000000e7700000|  0%| F|  |TAMS 0x00000000e7600000| PB 0x00000000e7600000| Untracked 
| 119|0x00000000e7700000, 0x00000000e7700000, 0x00000000e7800000|  0%| F|  |TAMS 0x00000000e7700000| PB 0x00000000e7700000| Untracked 
| 120|0x00000000e7800000, 0x00000000e7800000, 0x00000000e7900000|  0%| F|  |TAMS 0x00000000e7800000| PB 0x00000000e7800000| Untracked 
| 121|0x00000000e7900000, 0x00000000e7900000, 0x00000000e7a00000|  0%| F|  |TAMS 0x00000000e7900000| PB 0x00000000e7900000| Untracked 
| 122|0x00000000e7a00000, 0x00000000e7a00000, 0x00000000e7b00000|  0%| F|  |TAMS 0x00000000e7a00000| PB 0x00000000e7a00000| Untracked 
| 123|0x00000000e7b00000, 0x00000000e7b00000, 0x00000000e7c00000|  0%| F|  |TAMS 0x00000000e7b00000| PB 0x00000000e7b00000| Untracked 
| 124|0x00000000e7c00000, 0x00000000e7c00000, 0x00000000e7d00000|  0%| F|  |TAMS 0x00000000e7c00000| PB 0x00000000e7c00000| Untracked 
| 125|0x00000000e7d00000, 0x00000000e7d00000, 0x00000000e7e00000|  0%| F|  |TAMS 0x00000000e7d00000| PB 0x00000000e7d00000| Untracked 
| 126|0x00000000e7e00000, 0x00000000e7e00000, 0x00000000e7f00000|  0%| F|  |TAMS 0x00000000e7e00000| PB 0x00000000e7e00000| Untracked 
| 127|0x00000000e7f00000, 0x00000000e7f00000, 0x00000000e8000000|  0%| F|  |TAMS 0x00000000e7f00000| PB 0x00000000e7f00000| Untracked 
| 128|0x00000000e8000000, 0x00000000e8000000, 0x00000000e8100000|  0%| F|  |TAMS 0x00000000e8000000| PB 0x00000000e8000000| Untracked 
| 129|0x00000000e8100000, 0x00000000e8100000, 0x00000000e8200000|  0%| F|  |TAMS 0x00000000e8100000| PB 0x00000000e8100000| Untracked 
| 130|0x00000000e8200000, 0x00000000e8200000, 0x00000000e8300000|  0%| F|  |TAMS 0x00000000e8200000| PB 0x00000000e8200000| Untracked 
| 131|0x00000000e8300000, 0x00000000e8300000, 0x00000000e8400000|  0%| F|  |TAMS 0x00000000e8300000| PB 0x00000000e8300000| Untracked 
| 132|0x00000000e8400000, 0x00000000e8400000, 0x00000000e8500000|  0%| F|  |TAMS 0x00000000e8400000| PB 0x00000000e8400000| Untracked 
| 133|0x00000000e8500000, 0x00000000e8500000, 0x00000000e8600000|  0%| F|  |TAMS 0x00000000e8500000| PB 0x00000000e8500000| Untracked 
| 134|0x00000000e8600000, 0x00000000e8600000, 0x00000000e8700000|  0%| F|  |TAMS 0x00000000e8600000| PB 0x00000000e8600000| Untracked 
| 135|0x00000000e8700000, 0x00000000e8700000, 0x00000000e8800000|  0%| F|  |TAMS 0x00000000e8700000| PB 0x00000000e8700000| Untracked 
| 136|0x00000000e8800000, 0x00000000e8800000, 0x00000000e8900000|  0%| F|  |TAMS 0x00000000e8800000| PB 0x00000000e8800000| Untracked 
| 137|0x00000000e8900000, 0x00000000e8900000, 0x00000000e8a00000|  0%| F|  |TAMS 0x00000000e8900000| PB 0x00000000e8900000| Untracked 
| 138|0x00000000e8a00000, 0x00000000e8a00000, 0x00000000e8b00000|  0%| F|  |TAMS 0x00000000e8a00000| PB 0x00000000e8a00000| Untracked 
| 139|0x00000000e8b00000, 0x00000000e8b00000, 0x00000000e8c00000|  0%| F|  |TAMS 0x00000000e8b00000| PB 0x00000000e8b00000| Untracked 
| 140|0x00000000e8c00000, 0x00000000e8c00000, 0x00000000e8d00000|  0%| F|  |TAMS 0x00000000e8c00000| PB 0x00000000e8c00000| Untracked 
| 141|0x00000000e8d00000, 0x00000000e8d00000, 0x00000000e8e00000|  0%| F|  |TAMS 0x00000000e8d00000| PB 0x00000000e8d00000| Untracked 
| 142|0x00000000e8e00000, 0x00000000e8e00000, 0x00000000e8f00000|  0%| F|  |TAMS 0x00000000e8e00000| PB 0x00000000e8e00000| Untracked 
| 143|0x00000000e8f00000, 0x00000000e8f00000, 0x00000000e9000000|  0%| F|  |TAMS 0x00000000e8f00000| PB 0x00000000e8f00000| Untracked 
| 144|0x00000000e9000000, 0x00000000e9000000, 0x00000000e9100000|  0%| F|  |TAMS 0x00000000e9000000| PB 0x00000000e9000000| Untracked 
| 145|0x00000000e9100000, 0x00000000e9100000, 0x00000000e9200000|  0%| F|  |TAMS 0x00000000e9100000| PB 0x00000000e9100000| Untracked 
| 146|0x00000000e9200000, 0x00000000e9200000, 0x00000000e9300000|  0%| F|  |TAMS 0x00000000e9200000| PB 0x00000000e9200000| Untracked 
| 147|0x00000000e9300000, 0x00000000e934cb80, 0x00000000e9400000| 29%| S|CS|TAMS 0x00000000e9300000| PB 0x00000000e9300000| Complete 
| 148|0x00000000e9400000, 0x00000000e9500000, 0x00000000e9500000|100%| S|CS|TAMS 0x00000000e9400000| PB 0x00000000e9400000| Complete 
| 149|0x00000000e9500000, 0x00000000e9600000, 0x00000000e9600000|100%| S|CS|TAMS 0x00000000e9500000| PB 0x00000000e9500000| Complete 
| 150|0x00000000e9600000, 0x00000000e9700000, 0x00000000e9700000|100%| S|CS|TAMS 0x00000000e9600000| PB 0x00000000e9600000| Complete 
| 151|0x00000000e9700000, 0x00000000e9800000, 0x00000000e9800000|100%| S|CS|TAMS 0x00000000e9700000| PB 0x00000000e9700000| Complete 
| 152|0x00000000e9800000, 0x00000000e9900000, 0x00000000e9900000|100%| S|CS|TAMS 0x00000000e9800000| PB 0x00000000e9800000| Complete 
| 153|0x00000000e9900000, 0x00000000e9a00000, 0x00000000e9a00000|100%| S|CS|TAMS 0x00000000e9900000| PB 0x00000000e9900000| Complete 
| 154|0x00000000e9a00000, 0x00000000e9b00000, 0x00000000e9b00000|100%| S|CS|TAMS 0x00000000e9a00000| PB 0x00000000e9a00000| Complete 
| 155|0x00000000e9b00000, 0x00000000e9c00000, 0x00000000e9c00000|100%| S|CS|TAMS 0x00000000e9b00000| PB 0x00000000e9b00000| Complete 
| 156|0x00000000e9c00000, 0x00000000e9d00000, 0x00000000e9d00000|100%| S|CS|TAMS 0x00000000e9c00000| PB 0x00000000e9c00000| Complete 
| 157|0x00000000e9d00000, 0x00000000e9e00000, 0x00000000e9e00000|100%| S|CS|TAMS 0x00000000e9d00000| PB 0x00000000e9d00000| Complete 
| 158|0x00000000e9e00000, 0x00000000e9f00000, 0x00000000e9f00000|100%| S|CS|TAMS 0x00000000e9e00000| PB 0x00000000e9e00000| Complete 
| 159|0x00000000e9f00000, 0x00000000ea000000, 0x00000000ea000000|100%| S|CS|TAMS 0x00000000e9f00000| PB 0x00000000e9f00000| Complete 
| 160|0x00000000ea000000, 0x00000000ea000000, 0x00000000ea100000|  0%| F|  |TAMS 0x00000000ea000000| PB 0x00000000ea000000| Untracked 
| 161|0x00000000ea100000, 0x00000000ea100000, 0x00000000ea200000|  0%| F|  |TAMS 0x00000000ea100000| PB 0x00000000ea100000| Untracked 
| 162|0x00000000ea200000, 0x00000000ea200000, 0x00000000ea300000|  0%| F|  |TAMS 0x00000000ea200000| PB 0x00000000ea200000| Untracked 
| 163|0x00000000ea300000, 0x00000000ea300000, 0x00000000ea400000|  0%| F|  |TAMS 0x00000000ea300000| PB 0x00000000ea300000| Untracked 
| 164|0x00000000ea400000, 0x00000000ea400000, 0x00000000ea500000|  0%| F|  |TAMS 0x00000000ea400000| PB 0x00000000ea400000| Untracked 
| 165|0x00000000ea500000, 0x00000000ea500000, 0x00000000ea600000|  0%| F|  |TAMS 0x00000000ea500000| PB 0x00000000ea500000| Untracked 
| 166|0x00000000ea600000, 0x00000000ea600000, 0x00000000ea700000|  0%| F|  |TAMS 0x00000000ea600000| PB 0x00000000ea600000| Untracked 
| 167|0x00000000ea700000, 0x00000000ea700000, 0x00000000ea800000|  0%| F|  |TAMS 0x00000000ea700000| PB 0x00000000ea700000| Untracked 
| 168|0x00000000ea800000, 0x00000000ea800000, 0x00000000ea900000|  0%| F|  |TAMS 0x00000000ea800000| PB 0x00000000ea800000| Untracked 
| 169|0x00000000ea900000, 0x00000000ea900000, 0x00000000eaa00000|  0%| F|  |TAMS 0x00000000ea900000| PB 0x00000000ea900000| Untracked 
| 170|0x00000000eaa00000, 0x00000000eaa00000, 0x00000000eab00000|  0%| F|  |TAMS 0x00000000eaa00000| PB 0x00000000eaa00000| Untracked 
| 171|0x00000000eab00000, 0x00000000eab00000, 0x00000000eac00000|  0%| F|  |TAMS 0x00000000eab00000| PB 0x00000000eab00000| Untracked 
| 172|0x00000000eac00000, 0x00000000eac00000, 0x00000000ead00000|  0%| F|  |TAMS 0x00000000eac00000| PB 0x00000000eac00000| Untracked 
| 173|0x00000000ead00000, 0x00000000ead00000, 0x00000000eae00000|  0%| F|  |TAMS 0x00000000ead00000| PB 0x00000000ead00000| Untracked 
| 174|0x00000000eae00000, 0x00000000eae00000, 0x00000000eaf00000|  0%| F|  |TAMS 0x00000000eae00000| PB 0x00000000eae00000| Untracked 
| 175|0x00000000eaf00000, 0x00000000eaf00000, 0x00000000eb000000|  0%| F|  |TAMS 0x00000000eaf00000| PB 0x00000000eaf00000| Untracked 
| 176|0x00000000eb000000, 0x00000000eb000000, 0x00000000eb100000|  0%| F|  |TAMS 0x00000000eb000000| PB 0x00000000eb000000| Untracked 
| 177|0x00000000eb100000, 0x00000000eb100000, 0x00000000eb200000|  0%| F|  |TAMS 0x00000000eb100000| PB 0x00000000eb100000| Untracked 
| 178|0x00000000eb200000, 0x00000000eb200000, 0x00000000eb300000|  0%| F|  |TAMS 0x00000000eb200000| PB 0x00000000eb200000| Untracked 
| 179|0x00000000eb300000, 0x00000000eb300000, 0x00000000eb400000|  0%| F|  |TAMS 0x00000000eb300000| PB 0x00000000eb300000| Untracked 
| 180|0x00000000eb400000, 0x00000000eb400000, 0x00000000eb500000|  0%| F|  |TAMS 0x00000000eb400000| PB 0x00000000eb400000| Untracked 
| 181|0x00000000eb500000, 0x00000000eb500000, 0x00000000eb600000|  0%| F|  |TAMS 0x00000000eb500000| PB 0x00000000eb500000| Untracked 
| 182|0x00000000eb600000, 0x00000000eb600000, 0x00000000eb700000|  0%| F|  |TAMS 0x00000000eb600000| PB 0x00000000eb600000| Untracked 
| 183|0x00000000eb700000, 0x00000000eb700000, 0x00000000eb800000|  0%| F|  |TAMS 0x00000000eb700000| PB 0x00000000eb700000| Untracked 
| 184|0x00000000eb800000, 0x00000000eb800000, 0x00000000eb900000|  0%| F|  |TAMS 0x00000000eb800000| PB 0x00000000eb800000| Untracked 
| 185|0x00000000eb900000, 0x00000000eb900000, 0x00000000eba00000|  0%| F|  |TAMS 0x00000000eb900000| PB 0x00000000eb900000| Untracked 
| 186|0x00000000eba00000, 0x00000000eba00000, 0x00000000ebb00000|  0%| F|  |TAMS 0x00000000eba00000| PB 0x00000000eba00000| Untracked 
| 187|0x00000000ebb00000, 0x00000000ebb00000, 0x00000000ebc00000|  0%| F|  |TAMS 0x00000000ebb00000| PB 0x00000000ebb00000| Untracked 
| 188|0x00000000ebc00000, 0x00000000ebc00000, 0x00000000ebd00000|  0%| F|  |TAMS 0x00000000ebc00000| PB 0x00000000ebc00000| Untracked 
| 189|0x00000000ebd00000, 0x00000000ebd00000, 0x00000000ebe00000|  0%| F|  |TAMS 0x00000000ebd00000| PB 0x00000000ebd00000| Untracked 
| 190|0x00000000ebe00000, 0x00000000ebe00000, 0x00000000ebf00000|  0%| F|  |TAMS 0x00000000ebe00000| PB 0x00000000ebe00000| Untracked 
| 191|0x00000000ebf00000, 0x00000000ebf00000, 0x00000000ec000000|  0%| F|  |TAMS 0x00000000ebf00000| PB 0x00000000ebf00000| Untracked 
| 192|0x00000000ec000000, 0x00000000ec000000, 0x00000000ec100000|  0%| F|  |TAMS 0x00000000ec000000| PB 0x00000000ec000000| Untracked 
| 193|0x00000000ec100000, 0x00000000ec100000, 0x00000000ec200000|  0%| F|  |TAMS 0x00000000ec100000| PB 0x00000000ec100000| Untracked 
| 194|0x00000000ec200000, 0x00000000ec200000, 0x00000000ec300000|  0%| F|  |TAMS 0x00000000ec200000| PB 0x00000000ec200000| Untracked 
| 195|0x00000000ec300000, 0x00000000ec300000, 0x00000000ec400000|  0%| F|  |TAMS 0x00000000ec300000| PB 0x00000000ec300000| Untracked 
| 196|0x00000000ec400000, 0x00000000ec400000, 0x00000000ec500000|  0%| F|  |TAMS 0x00000000ec400000| PB 0x00000000ec400000| Untracked 
| 197|0x00000000ec500000, 0x00000000ec500000, 0x00000000ec600000|  0%| F|  |TAMS 0x00000000ec500000| PB 0x00000000ec500000| Untracked 
| 198|0x00000000ec600000, 0x00000000ec600000, 0x00000000ec700000|  0%| F|  |TAMS 0x00000000ec600000| PB 0x00000000ec600000| Untracked 
| 199|0x00000000ec700000, 0x00000000ec700000, 0x00000000ec800000|  0%| F|  |TAMS 0x00000000ec700000| PB 0x00000000ec700000| Untracked 
| 200|0x00000000ec800000, 0x00000000ec800000, 0x00000000ec900000|  0%| F|  |TAMS 0x00000000ec800000| PB 0x00000000ec800000| Untracked 
| 201|0x00000000ec900000, 0x00000000ec900000, 0x00000000eca00000|  0%| F|  |TAMS 0x00000000ec900000| PB 0x00000000ec900000| Untracked 
| 202|0x00000000eca00000, 0x00000000eca00000, 0x00000000ecb00000|  0%| F|  |TAMS 0x00000000eca00000| PB 0x00000000eca00000| Untracked 
| 203|0x00000000ecb00000, 0x00000000ecb00000, 0x00000000ecc00000|  0%| F|  |TAMS 0x00000000ecb00000| PB 0x00000000ecb00000| Untracked 
| 204|0x00000000ecc00000, 0x00000000ecc00000, 0x00000000ecd00000|  0%| F|  |TAMS 0x00000000ecc00000| PB 0x00000000ecc00000| Untracked 
| 205|0x00000000ecd00000, 0x00000000ecd00000, 0x00000000ece00000|  0%| F|  |TAMS 0x00000000ecd00000| PB 0x00000000ecd00000| Untracked 
| 206|0x00000000ece00000, 0x00000000ece00000, 0x00000000ecf00000|  0%| F|  |TAMS 0x00000000ece00000| PB 0x00000000ece00000| Untracked 
| 207|0x00000000ecf00000, 0x00000000ecf00000, 0x00000000ed000000|  0%| F|  |TAMS 0x00000000ecf00000| PB 0x00000000ecf00000| Untracked 
| 208|0x00000000ed000000, 0x00000000ed000000, 0x00000000ed100000|  0%| F|  |TAMS 0x00000000ed000000| PB 0x00000000ed000000| Untracked 
| 209|0x00000000ed100000, 0x00000000ed100000, 0x00000000ed200000|  0%| F|  |TAMS 0x00000000ed100000| PB 0x00000000ed100000| Untracked 
| 210|0x00000000ed200000, 0x00000000ed200000, 0x00000000ed300000|  0%| F|  |TAMS 0x00000000ed200000| PB 0x00000000ed200000| Untracked 
| 211|0x00000000ed300000, 0x00000000ed300000, 0x00000000ed400000|  0%| F|  |TAMS 0x00000000ed300000| PB 0x00000000ed300000| Untracked 
| 212|0x00000000ed400000, 0x00000000ed400000, 0x00000000ed500000|  0%| F|  |TAMS 0x00000000ed400000| PB 0x00000000ed400000| Untracked 
| 213|0x00000000ed500000, 0x00000000ed500000, 0x00000000ed600000|  0%| F|  |TAMS 0x00000000ed500000| PB 0x00000000ed500000| Untracked 
| 214|0x00000000ed600000, 0x00000000ed600000, 0x00000000ed700000|  0%| F|  |TAMS 0x00000000ed600000| PB 0x00000000ed600000| Untracked 
| 215|0x00000000ed700000, 0x00000000ed700000, 0x00000000ed800000|  0%| F|  |TAMS 0x00000000ed700000| PB 0x00000000ed700000| Untracked 
| 216|0x00000000ed800000, 0x00000000ed800000, 0x00000000ed900000|  0%| F|  |TAMS 0x00000000ed800000| PB 0x00000000ed800000| Untracked 
| 217|0x00000000ed900000, 0x00000000ed900000, 0x00000000eda00000|  0%| F|  |TAMS 0x00000000ed900000| PB 0x00000000ed900000| Untracked 
| 218|0x00000000eda00000, 0x00000000eda00000, 0x00000000edb00000|  0%| F|  |TAMS 0x00000000eda00000| PB 0x00000000eda00000| Untracked 
| 219|0x00000000edb00000, 0x00000000edb00000, 0x00000000edc00000|  0%| F|  |TAMS 0x00000000edb00000| PB 0x00000000edb00000| Untracked 
| 220|0x00000000edc00000, 0x00000000edd00000, 0x00000000edd00000|100%| E|  |TAMS 0x00000000edc00000| PB 0x00000000edc00000| Complete 
| 221|0x00000000edd00000, 0x00000000ede00000, 0x00000000ede00000|100%| E|CS|TAMS 0x00000000edd00000| PB 0x00000000edd00000| Complete 
| 222|0x00000000ede00000, 0x00000000edf00000, 0x00000000edf00000|100%| E|CS|TAMS 0x00000000ede00000| PB 0x00000000ede00000| Complete 
| 223|0x00000000edf00000, 0x00000000ee000000, 0x00000000ee000000|100%| E|CS|TAMS 0x00000000edf00000| PB 0x00000000edf00000| Complete 
| 224|0x00000000ee000000, 0x00000000ee100000, 0x00000000ee100000|100%| E|CS|TAMS 0x00000000ee000000| PB 0x00000000ee000000| Complete 
| 225|0x00000000ee100000, 0x00000000ee200000, 0x00000000ee200000|100%| E|CS|TAMS 0x00000000ee100000| PB 0x00000000ee100000| Complete 
| 226|0x00000000ee200000, 0x00000000ee300000, 0x00000000ee300000|100%| E|CS|TAMS 0x00000000ee200000| PB 0x00000000ee200000| Complete 
| 227|0x00000000ee300000, 0x00000000ee400000, 0x00000000ee400000|100%| E|CS|TAMS 0x00000000ee300000| PB 0x00000000ee300000| Complete 
| 228|0x00000000ee400000, 0x00000000ee500000, 0x00000000ee500000|100%| E|CS|TAMS 0x00000000ee400000| PB 0x00000000ee400000| Complete 
| 229|0x00000000ee500000, 0x00000000ee600000, 0x00000000ee600000|100%| E|CS|TAMS 0x00000000ee500000| PB 0x00000000ee500000| Complete 
| 230|0x00000000ee600000, 0x00000000ee700000, 0x00000000ee700000|100%| E|CS|TAMS 0x00000000ee600000| PB 0x00000000ee600000| Complete 
| 231|0x00000000ee700000, 0x00000000ee800000, 0x00000000ee800000|100%| E|CS|TAMS 0x00000000ee700000| PB 0x00000000ee700000| Complete 
| 232|0x00000000ee800000, 0x00000000ee900000, 0x00000000ee900000|100%| E|CS|TAMS 0x00000000ee800000| PB 0x00000000ee800000| Complete 
| 233|0x00000000ee900000, 0x00000000eea00000, 0x00000000eea00000|100%| E|CS|TAMS 0x00000000ee900000| PB 0x00000000ee900000| Complete 
| 234|0x00000000eea00000, 0x00000000eeb00000, 0x00000000eeb00000|100%| E|CS|TAMS 0x00000000eea00000| PB 0x00000000eea00000| Complete 
| 235|0x00000000eeb00000, 0x00000000eec00000, 0x00000000eec00000|100%| E|CS|TAMS 0x00000000eeb00000| PB 0x00000000eeb00000| Complete 
| 236|0x00000000eec00000, 0x00000000eed00000, 0x00000000eed00000|100%| E|CS|TAMS 0x00000000eec00000| PB 0x00000000eec00000| Complete 
| 237|0x00000000eed00000, 0x00000000eee00000, 0x00000000eee00000|100%| E|CS|TAMS 0x00000000eed00000| PB 0x00000000eed00000| Complete 
| 238|0x00000000eee00000, 0x00000000eef00000, 0x00000000eef00000|100%| E|CS|TAMS 0x00000000eee00000| PB 0x00000000eee00000| Complete 
| 239|0x00000000eef00000, 0x00000000ef000000, 0x00000000ef000000|100%| E|CS|TAMS 0x00000000eef00000| PB 0x00000000eef00000| Complete 
| 240|0x00000000ef000000, 0x00000000ef100000, 0x00000000ef100000|100%| E|CS|TAMS 0x00000000ef000000| PB 0x00000000ef000000| Complete 
| 241|0x00000000ef100000, 0x00000000ef200000, 0x00000000ef200000|100%| E|CS|TAMS 0x00000000ef100000| PB 0x00000000ef100000| Complete 
| 242|0x00000000ef200000, 0x00000000ef300000, 0x00000000ef300000|100%| E|CS|TAMS 0x00000000ef200000| PB 0x00000000ef200000| Complete 
| 243|0x00000000ef300000, 0x00000000ef400000, 0x00000000ef400000|100%| E|CS|TAMS 0x00000000ef300000| PB 0x00000000ef300000| Complete 
| 244|0x00000000ef400000, 0x00000000ef500000, 0x00000000ef500000|100%| E|CS|TAMS 0x00000000ef400000| PB 0x00000000ef400000| Complete 
| 245|0x00000000ef500000, 0x00000000ef600000, 0x00000000ef600000|100%| E|CS|TAMS 0x00000000ef500000| PB 0x00000000ef500000| Complete 
| 246|0x00000000ef600000, 0x00000000ef700000, 0x00000000ef700000|100%| E|CS|TAMS 0x00000000ef600000| PB 0x00000000ef600000| Complete 
| 247|0x00000000ef700000, 0x00000000ef800000, 0x00000000ef800000|100%| E|CS|TAMS 0x00000000ef700000| PB 0x00000000ef700000| Complete 
| 248|0x00000000ef800000, 0x00000000ef900000, 0x00000000ef900000|100%| E|CS|TAMS 0x00000000ef800000| PB 0x00000000ef800000| Complete 
| 249|0x00000000ef900000, 0x00000000efa00000, 0x00000000efa00000|100%| E|CS|TAMS 0x00000000ef900000| PB 0x00000000ef900000| Complete 
| 250|0x00000000efa00000, 0x00000000efb00000, 0x00000000efb00000|100%| E|CS|TAMS 0x00000000efa00000| PB 0x00000000efa00000| Complete 
| 251|0x00000000efb00000, 0x00000000efc00000, 0x00000000efc00000|100%| E|CS|TAMS 0x00000000efb00000| PB 0x00000000efb00000| Complete 
| 252|0x00000000efc00000, 0x00000000efd00000, 0x00000000efd00000|100%| E|CS|TAMS 0x00000000efc00000| PB 0x00000000efc00000| Complete 
| 253|0x00000000efd00000, 0x00000000efe00000, 0x00000000efe00000|100%| E|CS|TAMS 0x00000000efd00000| PB 0x00000000efd00000| Complete 
| 254|0x00000000efe00000, 0x00000000eff00000, 0x00000000eff00000|100%| E|CS|TAMS 0x00000000efe00000| PB 0x00000000efe00000| Complete 
| 255|0x00000000eff00000, 0x00000000f0000000, 0x00000000f0000000|100%| E|  |TAMS 0x00000000eff00000| PB 0x00000000eff00000| Complete 

Card table byte_map: [0x0000028856830000,0x0000028856930000] _byte_map_base: 0x0000028856130000

Marking Bits: (CMBitMap*) 0x000002883f3f9500
 Bits: [0x0000028856930000, 0x0000028857130000)

Polling page: 0x000002883d350000

Metaspace:

Usage:
  Non-class:     21.04 MB used.
      Class:      3.72 MB used.
       Both:     24.77 MB used.

Virtual space:
  Non-class space:       64.00 MB reserved,      21.56 MB ( 34%) committed,  1 nodes.
      Class space:      320.00 MB reserved,       4.19 MB (  1%) committed,  1 nodes.
             Both:      384.00 MB reserved,      25.75 MB (  7%) committed. 

Chunk freelists:
   Non-Class:  10.29 MB
       Class:  11.86 MB
        Both:  22.15 MB

MaxMetaspaceSize: 384.00 MB
CompressedClassSpaceSize: 320.00 MB
Initial GC threshold: 21.00 MB
Current GC threshold: 35.12 MB
CDS: on
 - commit_granule_bytes: 65536.
 - commit_granule_words: 8192.
 - virtual_space_node_default_size: 8388608.
 - enlarge_chunks_in_place: 1.
 - use_allocation_guard: 0.


Internal statistics:

num_allocs_failed_limit: 3.
num_arena_births: 1580.
num_arena_deaths: 0.
num_vsnodes_births: 2.
num_vsnodes_deaths: 0.
num_space_committed: 412.
num_space_uncommitted: 0.
num_chunks_returned_to_freelist: 3.
num_chunks_taken_from_freelist: 2694.
num_chunk_merges: 3.
num_chunk_splits: 1745.
num_chunks_enlarged: 1088.
num_inconsistent_stats: 0.

CodeHeap 'non-profiled nmethods': size=120000Kb used=1844Kb max_used=1844Kb free=118156Kb
 bounds [0x000002884f300000, 0x000002884f570000, 0x0000028856830000]
CodeHeap 'profiled nmethods': size=120000Kb used=6790Kb max_used=6790Kb free=113210Kb
 bounds [0x0000028847830000, 0x0000028847ee0000, 0x000002884ed60000]
CodeHeap 'non-nmethods': size=5760Kb used=1500Kb max_used=1541Kb free=4259Kb
 bounds [0x000002884ed60000, 0x000002884efd0000, 0x000002884f300000]
 total_blobs=3896 nmethods=3317 adapters=483
 compilation: enabled
              stopped_count=0, restarted_count=0
 full_count=0

Compilation events (20 events):
Event: 6.107 Thread 0x0000028859747cd0 3297       3       java.util.stream.Sink::end (1 bytes)
Event: 6.107 Thread 0x0000028859747cd0 nmethod 3297 0x0000028847ec4b10 code [0x0000028847ec4ca0, 0x0000028847ec4db0]
Event: 6.110 Thread 0x0000028859747cd0 3298       3       java.util.stream.MatchOps::makeRef (29 bytes)
Event: 6.111 Thread 0x0000028859b89900 3302       4       org.objectweb.asm.ByteVector::putByte (39 bytes)
Event: 6.111 Thread 0x0000028859747cd0 nmethod 3298 0x0000028847ec4e10 code [0x0000028847ec5080, 0x0000028847ec5bf0]
Event: 6.111 Thread 0x0000028859747cd0 3301       3       java.util.stream.AbstractPipeline::evaluate (94 bytes)
Event: 6.111 Thread 0x0000028859747cd0 nmethod 3301 0x0000028847ec5f90 code [0x0000028847ec61c0, 0x0000028847ec6890]
Event: 6.111 Thread 0x0000028859747cd0 3303       3       org.objectweb.asm.MethodWriter::putMethodInfo (1274 bytes)
Event: 6.112 Thread 0x0000028859b89900 nmethod 3302 0x000002884f4cc610 code [0x000002884f4cc7a0, 0x000002884f4cc908]
Event: 6.114 Thread 0x0000028859747cd0 nmethod 3303 0x0000028847ec6a90 code [0x0000028847ec71a0, 0x0000028847ec99c8]
Event: 6.115 Thread 0x0000028859747cd0 3304       3       org.objectweb.asm.Handler::putExceptionTable (63 bytes)
Event: 6.115 Thread 0x0000028859747cd0 nmethod 3304 0x0000028847ecad10 code [0x0000028847ecaf40, 0x0000028847ecb3e0]
Event: 6.115 Thread 0x0000028859747cd0 3305       3       java.util.stream.StreamOpFlag::fromCharacteristics (37 bytes)
Event: 6.115 Thread 0x0000028859747cd0 nmethod 3305 0x0000028847ecb690 code [0x0000028847ecb860, 0x0000028847ecbb98]
Event: 6.115 Thread 0x0000028859747cd0 3306       3       java.util.stream.AbstractPipeline::<init> (55 bytes)
Event: 6.115 Thread 0x0000028859747cd0 nmethod 3306 0x0000028847ecbc90 code [0x0000028847ecbe40, 0x0000028847ecc118]
Event: 6.115 Thread 0x0000028859747cd0 3299       3       java.util.stream.MatchOps$$Lambda/0x000002885b170b70::<init> (15 bytes)
Event: 6.116 Thread 0x0000028859747cd0 nmethod 3299 0x0000028847ecc210 code [0x0000028847ecc3c0, 0x0000028847ecc5e8]
Event: 6.116 Thread 0x0000028859747cd0 3300       3       java.util.stream.MatchOps$MatchOp::<init> (20 bytes)
Event: 6.116 Thread 0x0000028859747cd0 nmethod 3300 0x0000028847ecc690 code [0x0000028847ecc840, 0x0000028847eccac0]

GC Heap History (8 events):
Event: 0.532 GC heap before
{Heap before GC invocations=0 (full 0):
 garbage-first heap   total 262144K, used 13312K [0x00000000e0000000, 0x0000000100000000)
  region size 1024K, 13 young (13312K), 0 survivors (0K)
 Metaspace       used 991K, committed 1088K, reserved 393216K
  class space    used 79K, committed 128K, reserved 327680K
}
Event: 0.537 GC heap after
{Heap after GC invocations=1 (full 0):
 garbage-first heap   total 262144K, used 2854K [0x00000000e0000000, 0x0000000100000000)
  region size 1024K, 2 young (2048K), 2 survivors (2048K)
 Metaspace       used 991K, committed 1088K, reserved 393216K
  class space    used 79K, committed 128K, reserved 327680K
}
Event: 1.254 GC heap before
{Heap before GC invocations=1 (full 0):
 garbage-first heap   total 262144K, used 28454K [0x00000000e0000000, 0x0000000100000000)
  region size 1024K, 24 young (24576K), 2 survivors (2048K)
 Metaspace       used 4116K, committed 4352K, reserved 393216K
  class space    used 502K, committed 640K, reserved 327680K
}
Event: 1.259 GC heap after
{Heap after GC invocations=2 (full 0):
 garbage-first heap   total 262144K, used 10809K [0x00000000e0000000, 0x0000000100000000)
  region size 1024K, 3 young (3072K), 3 survivors (3072K)
 Metaspace       used 4116K, committed 4352K, reserved 393216K
  class space    used 502K, committed 640K, reserved 327680K
}
Event: 1.995 GC heap before
{Heap before GC invocations=2 (full 0):
 garbage-first heap   total 262144K, used 37433K [0x00000000e0000000, 0x0000000100000000)
  region size 1024K, 29 young (29696K), 3 survivors (3072K)
 Metaspace       used 4222K, committed 4480K, reserved 393216K
  class space    used 505K, committed 640K, reserved 327680K
}
Event: 1.999 GC heap after
{Heap after GC invocations=3 (full 0):
 garbage-first heap   total 262144K, used 15044K [0x00000000e0000000, 0x0000000100000000)
  region size 1024K, 4 young (4096K), 4 survivors (4096K)
 Metaspace       used 4222K, committed 4480K, reserved 393216K
  class space    used 505K, committed 640K, reserved 327680K
}
Event: 5.105 GC heap before
{Heap before GC invocations=3 (full 0):
 garbage-first heap   total 262144K, used 108228K [0x00000000e0000000, 0x0000000100000000)
  region size 1024K, 96 young (98304K), 4 survivors (4096K)
 Metaspace       used 20879K, committed 21504K, reserved 393216K
  class space    used 3027K, committed 3328K, reserved 327680K
}
Event: 5.116 GC heap after
{Heap after GC invocations=4 (full 0):
 garbage-first heap   total 262144K, used 23543K [0x00000000e0000000, 0x0000000100000000)
  region size 1024K, 13 young (13312K), 13 survivors (13312K)
 Metaspace       used 20879K, committed 21504K, reserved 393216K
  class space    used 3027K, committed 3328K, reserved 327680K
}

Dll operation events (15 events):
Event: 0.009 Loaded shared library C:\Program Files\Java\jdk-21\bin\java.dll
Event: 0.058 Loaded shared library C:\Program Files\Java\jdk-21\bin\jsvml.dll
Event: 0.116 Loaded shared library C:\Program Files\Java\jdk-21\bin\zip.dll
Event: 0.121 Loaded shared library C:\Program Files\Java\jdk-21\bin\instrument.dll
Event: 0.126 Loaded shared library C:\Program Files\Java\jdk-21\bin\net.dll
Event: 0.128 Loaded shared library C:\Program Files\Java\jdk-21\bin\nio.dll
Event: 0.134 Loaded shared library C:\Program Files\Java\jdk-21\bin\zip.dll
Event: 0.475 Loaded shared library C:\Program Files\Java\jdk-21\bin\jimage.dll
Event: 0.567 Loaded shared library C:\Program Files\Java\jdk-21\bin\verify.dll
Event: 0.783 Loaded shared library C:\Users\infod\.gradle\native\c067742578af261105cb4f569cf0c3c89f3d7b1fecec35dd04571415982c5e48\windows-amd64\native-platform.dll
Event: 0.789 Loaded shared library C:\Users\infod\.gradle\native\38dada09dfb8b06ba9b0570ebf7e218e3eb74d4ef43ca46872605cf95ebc2f47\windows-amd64\native-platform-file-events.dll
Event: 2.460 Loaded shared library C:\Program Files\Java\jdk-21\bin\management.dll
Event: 2.463 Loaded shared library C:\Program Files\Java\jdk-21\bin\management_ext.dll
Event: 2.652 Loaded shared library C:\Program Files\Java\jdk-21\bin\extnet.dll
Event: 2.793 Loaded shared library C:\Program Files\Java\jdk-21\bin\sunmscapi.dll

Deoptimization events (20 events):
Event: 4.874 Thread 0x00000288741e1820 Uncommon trap: trap_request=0xffffffcc fr.pc=0x000002884f44c5f4 relative=0x0000000000000334
Event: 4.874 Thread 0x00000288741e1820 Uncommon trap: reason=intrinsic_or_type_checked_inlining action=make_not_entrant pc=0x000002884f44c5f4 method=java.util.Arrays.copyOf([Ljava/lang/Object;ILjava/lang/Class;)[Ljava/lang/Object; @ 35 c2
Event: 4.874 Thread 0x00000288741e1820 DEOPT PACKING pc=0x000002884f44c5f4 sp=0x000000b38fdfb740
Event: 4.874 Thread 0x00000288741e1820 DEOPT UNPACKING pc=0x000002884edb46a2 sp=0x000000b38fdfb6d0 mode 2
Event: 5.277 Thread 0x00000288741e1820 Uncommon trap: trap_request=0xffffff45 fr.pc=0x000002884f412de4 relative=0x0000000000000384
Event: 5.277 Thread 0x00000288741e1820 Uncommon trap: reason=unstable_if action=reinterpret pc=0x000002884f412de4 method=jdk.internal.org.objectweb.asm.SymbolTable.addType(Ljava/lang/String;)I @ 33 c2
Event: 5.277 Thread 0x00000288741e1820 DEOPT PACKING pc=0x000002884f412de4 sp=0x000000b38fdfa660
Event: 5.277 Thread 0x00000288741e1820 DEOPT UNPACKING pc=0x000002884edb46a2 sp=0x000000b38fdfa5e8 mode 2
Event: 5.365 Thread 0x00000288741e1820 Uncommon trap: trap_request=0xffffff45 fr.pc=0x000002884f44393c relative=0x0000000000000c7c
Event: 5.365 Thread 0x00000288741e1820 Uncommon trap: reason=unstable_if action=reinterpret pc=0x000002884f44393c method=jdk.internal.org.objectweb.asm.SymbolTable.addType(Ljava/lang/String;)I @ 33 c2
Event: 5.365 Thread 0x00000288741e1820 DEOPT PACKING pc=0x000002884f44393c sp=0x000000b38fdfba70
Event: 5.365 Thread 0x00000288741e1820 DEOPT UNPACKING pc=0x000002884edb46a2 sp=0x000000b38fdfb9a8 mode 2
Event: 5.450 Thread 0x00000288741e1820 Uncommon trap: trap_request=0xffffff76 fr.pc=0x000002884f471b84 relative=0x00000000000001c4
Event: 5.450 Thread 0x00000288741e1820 Uncommon trap: reason=predicate action=maybe_recompile pc=0x000002884f471b84 method=com.google.common.base.CharMatcher.indexIn(Ljava/lang/CharSequence;I)I @ 19 c2
Event: 5.450 Thread 0x00000288741e1820 DEOPT PACKING pc=0x000002884f471b84 sp=0x000000b38fdfacb0
Event: 5.450 Thread 0x00000288741e1820 DEOPT UNPACKING pc=0x000002884edb46a2 sp=0x000000b38fdfac40 mode 2
Event: 6.029 Thread 0x00000288741e1820 Uncommon trap: trap_request=0xffffff45 fr.pc=0x000002884f380354 relative=0x00000000000002f4
Event: 6.029 Thread 0x00000288741e1820 Uncommon trap: reason=unstable_if action=reinterpret pc=0x000002884f380354 method=java.util.HashMap.hash(Ljava/lang/Object;)I @ 1 c2
Event: 6.029 Thread 0x00000288741e1820 DEOPT PACKING pc=0x000002884f380354 sp=0x000000b38fdf78b0
Event: 6.029 Thread 0x00000288741e1820 DEOPT UNPACKING pc=0x000002884edb46a2 sp=0x000000b38fdf7748 mode 2

Classes loaded (20 events):
Event: 5.548 Loading class java/io/InterruptedIOException
Event: 5.548 Loading class java/io/InterruptedIOException done
Event: 5.572 Loading class java/util/ArrayDeque$DeqSpliterator
Event: 5.572 Loading class java/util/ArrayDeque$DeqSpliterator done
Event: 6.020 Loading class java/lang/invoke/SerializedLambda
Event: 6.020 Loading class java/lang/invoke/SerializedLambda done
Event: 6.026 Loading class java/lang/reflect/AnnotatedType
Event: 6.026 Loading class java/lang/reflect/AnnotatedType done
Event: 6.029 Loading class sun/reflect/misc/ReflectUtil
Event: 6.029 Loading class sun/reflect/misc/ReflectUtil done
Event: 6.034 Loading class java/lang/Class$EnclosingMethodInfo
Event: 6.034 Loading class java/lang/Class$EnclosingMethodInfo done
Event: 6.036 Loading class sun/reflect/generics/tree/IntSignature
Event: 6.036 Loading class sun/reflect/generics/tree/IntSignature done
Event: 6.036 Loading class sun/reflect/generics/tree/ArrayTypeSignature
Event: 6.036 Loading class sun/reflect/generics/tree/ArrayTypeSignature done
Event: 6.041 Loading class java/lang/SafeVarargs
Event: 6.041 Loading class java/lang/SafeVarargs done
Event: 6.091 Loading class jdk/internal/reflect/MethodHandleIntegerFieldAccessorImpl
Event: 6.091 Loading class jdk/internal/reflect/MethodHandleIntegerFieldAccessorImpl done

Classes unloaded (0 events):
No events

Classes redefined (0 events):
No events

Internal exceptions (20 events):
Event: 5.059 Thread 0x00000288741e1820 Exception <a 'java/lang/NoSuchMethodError'{0x00000000ea15a338}: 'java.lang.Object java.lang.invoke.DirectMethodHandle$Holder.invokeVirtual(java.lang.Object, java.lang.Object, java.lang.Object, java.lang.Object, java.lang.Object, java.lang.Object, java.lang.Object, java.lang.Object, java.lang.Object, java.lang.Object)'> (0x00000000ea15a338) 
thrown [s\open\src\hotspot\share\interpreter\linkResolver.cpp, line 773]
Event: 5.090 Thread 0x00000288741e1820 Exception <a 'java/lang/NoSuchMethodError'{0x00000000ea1ee118}: 'java.lang.Object java.lang.invoke.DirectMethodHandle$Holder.invokeVirtual(java.lang.Object, java.lang.Object, java.lang.Object, java.lang.Object, java.lang.Object, java.lang.Object, java.lang.Object, java.lang.Object, java.lang.Object, java.lang.Object, java.lang.Object, java.lang.Object, java.lang.Object, java.lang.Object, java.lang.Object)'> (0x00000000ea1ee118) 
thrown [s\open\src\hotspot\share\interpreter\linkResolver.cpp, line 773]
Event: 5.091 Thread 0x00000288741e1820 Exception <a 'java/lang/NoSuchMethodError'{0x00000000ea1f3700}: 'java.lang.Object java.lang.invoke.DirectMethodHandle$Holder.invokeSpecial(java.lang.Object, java.lang.Object, java.lang.Object, java.lang.Object, java.lang.Object, java.lang.Object, java.lang.Object, java.lang.Object, java.lang.Object, java.lang.Object, java.lang.Object, java.lang.Object, java.lang.Object, java.lang.Object, java.lang.Object, java.lang.Object)'> (0x00000000ea1f3700) 
thrown [s\open\src\hotspot\share\interpreter\linkResolver.cp
Event: 5.091 Thread 0x00000288741e1820 Exception <a 'java/lang/NoSuchMethodError'{0x00000000ea1f8730}: 'java.lang.Object java.lang.invoke.DelegatingMethodHandle$Holder.reinvoke_L(java.lang.Object, java.lang.Object, java.lang.Object, java.lang.Object, java.lang.Object, java.lang.Object, java.lang.Object, java.lang.Object, java.lang.Object, java.lang.Object, java.lang.Object, java.lang.Object, java.lang.Object, java.lang.Object, java.lang.Object)'> (0x00000000ea1f8730) 
thrown [s\open\src\hotspot\share\interpreter\linkResolver.cpp, line 773]
Event: 5.144 Thread 0x00000288741e1820 Exception <a 'java/lang/NoSuchMethodError'{0x00000000effe6230}: 'java.lang.Object java.lang.invoke.DirectMethodHandle$Holder.invokeStaticInit(java.lang.Object, java.lang.Object, java.lang.Object, java.lang.Object)'> (0x00000000effe6230) 
thrown [s\open\src\hotspot\share\interpreter\linkResolver.cpp, line 773]
Event: 5.164 Thread 0x00000288741e1820 Exception <a 'java/lang/NoSuchMethodError'{0x00000000efd3d7d0}: 'java.lang.Object java.lang.invoke.DirectMethodHandle$Holder.newInvokeSpecial(java.lang.Object, java.lang.Object, java.lang.Object, java.lang.Object, java.lang.Object, java.lang.Object, java.lang.Object, java.lang.Object)'> (0x00000000efd3d7d0) 
thrown [s\open\src\hotspot\share\interpreter\linkResolver.cpp, line 773]
Event: 5.171 Thread 0x00000288741e1820 Exception <a 'java/lang/NoSuchMethodError'{0x00000000efde3e60}: 'void java.lang.invoke.DirectMethodHandle$Holder.invokeStatic(java.lang.Object, java.lang.Object, java.lang.Object, java.lang.Object)'> (0x00000000efde3e60) 
thrown [s\open\src\hotspot\share\interpreter\linkResolver.cpp, line 773]
Event: 5.288 Thread 0x00000288741e1820 Exception <a 'java/lang/NoSuchMethodError'{0x00000000ef98a038}: 'java.lang.Object java.lang.invoke.DirectMethodHandle$Holder.newInvokeSpecial(java.lang.Object, java.lang.Object, java.lang.Object, java.lang.Object, java.lang.Object, java.lang.Object, java.lang.Object, java.lang.Object, java.lang.Object, java.lang.Object)'> (0x00000000ef98a038) 
thrown [s\open\src\hotspot\share\interpreter\linkResolver.cpp, line 773]
Event: 5.564 Thread 0x00000288741e1820 Exception <a 'java/lang/NoSuchMethodError'{0x00000000ef4db058}: 'int java.lang.invoke.DirectMethodHandle$Holder.invokeVirtual(java.lang.Object, java.lang.Object)'> (0x00000000ef4db058) 
thrown [s\open\src\hotspot\share\interpreter\linkResolver.cpp, line 773]
Event: 5.567 Thread 0x00000288741e1820 Exception <a 'java/lang/NoSuchMethodError'{0x00000000ef4eb730}: 'java.lang.Object java.lang.invoke.DirectMethodHandle$Holder.invokeStaticInit(java.lang.Object, java.lang.Object, java.lang.Object)'> (0x00000000ef4eb730) 
thrown [s\open\src\hotspot\share\interpreter\linkResolver.cpp, line 773]
Event: 5.640 Thread 0x00000288741e1820 Exception <a 'java/lang/NoSuchMethodError'{0x00000000ef17b430}: 'void java.lang.invoke.DirectMethodHandle$Holder.invokeInterface(java.lang.Object, java.lang.Object, java.lang.Object, java.lang.Object, java.lang.Object)'> (0x00000000ef17b430) 
thrown [s\open\src\hotspot\share\interpreter\linkResolver.cpp, line 773]
Event: 5.819 Thread 0x00000288741e1820 Exception <a 'java/lang/NoSuchMethodError'{0x00000000eeb740d0}: 'java.lang.Object java.lang.invoke.DirectMethodHandle$Holder.invokeSpecialIFC(java.lang.Object, java.lang.Object, java.lang.Object, java.lang.Object)'> (0x00000000eeb740d0) 
thrown [s\open\src\hotspot\share\interpreter\linkResolver.cpp, line 773]
Event: 5.839 Thread 0x00000288741e1820 Exception <a 'java/lang/NoSuchMethodError'{0x00000000eeafa010}: 'java.lang.Object java.lang.invoke.DirectMethodHandle$Holder.newInvokeSpecial(java.lang.Object, java.lang.Object, java.lang.Object, java.lang.Object, java.lang.Object, java.lang.Object, java.lang.Object, java.lang.Object, java.lang.Object, java.lang.Object, java.lang.Object)'> (0x00000000eeafa010) 
thrown [s\open\src\hotspot\share\interpreter\linkResolver.cpp, line 773]
Event: 5.857 Thread 0x00000288741e1820 Exception <a 'java/lang/NoSuchMethodError'{0x00000000ee8095c8}: 'java.lang.Object java.lang.invoke.DirectMethodHandle$Holder.invokeVirtual(java.lang.Object, java.lang.Object, java.lang.Object, java.lang.Object, java.lang.Object, java.lang.Object, java.lang.Object, java.lang.Object, java.lang.Object, java.lang.Object, java.lang.Object, java.lang.Object, java.lang.Object)'> (0x00000000ee8095c8) 
thrown [s\open\src\hotspot\share\interpreter\linkResolver.cpp, line 773]
Event: 5.857 Thread 0x00000288741e1820 Exception <a 'java/lang/NoSuchMethodError'{0x00000000ee80ed30}: 'java.lang.Object java.lang.invoke.DirectMethodHandle$Holder.invokeSpecial(java.lang.Object, java.lang.Object, java.lang.Object, java.lang.Object, java.lang.Object, java.lang.Object, java.lang.Object, java.lang.Object, java.lang.Object, java.lang.Object, java.lang.Object, java.lang.Object, java.lang.Object, java.lang.Object)'> (0x00000000ee80ed30) 
thrown [s\open\src\hotspot\share\interpreter\linkResolver.cpp, line 773]
Event: 5.858 Thread 0x00000288741e1820 Exception <a 'java/lang/NoSuchMethodError'{0x00000000ee813d20}: 'java.lang.Object java.lang.invoke.DelegatingMethodHandle$Holder.reinvoke_L(java.lang.Object, java.lang.Object, java.lang.Object, java.lang.Object, java.lang.Object, java.lang.Object, java.lang.Object, java.lang.Object, java.lang.Object, java.lang.Object, java.lang.Object, java.lang.Object, java.lang.Object)'> (0x00000000ee813d20) 
thrown [s\open\src\hotspot\share\interpreter\linkResolver.cpp, line 773]
Event: 6.029 Thread 0x00000288741e1820 Implicit null exception at 0x000002884f3800c1 to 0x000002884f38033c
Event: 6.085 Thread 0x00000288741e1820 Exception <a 'java/lang/NoSuchMethodError'{0x00000000edf260e0}: 'java.lang.Object java.lang.invoke.DirectMethodHandle$Holder.newInvokeSpecial(java.lang.Object, java.lang.Object, int, int)'> (0x00000000edf260e0) 
thrown [s\open\src\hotspot\share\interpreter\linkResolver.cpp, line 773]
Event: 6.091 Thread 0x00000288741e1820 Exception <a 'java/lang/NoSuchMethodError'{0x00000000edf60128}: 'void java.lang.invoke.DirectMethodHandle$Holder.invokeSpecial(java.lang.Object, java.lang.Object, int)'> (0x00000000edf60128) 
thrown [s\open\src\hotspot\share\interpreter\linkResolver.cpp, line 773]
Event: 6.092 Thread 0x00000288741e1820 Exception <a 'java/lang/NoSuchMethodError'{0x00000000edf64408}: 'void java.lang.invoke.Invokers$Holder.invokeExact_MT(java.lang.Object, int, java.lang.Object)'> (0x00000000edf64408) 
thrown [s\open\src\hotspot\share\interpreter\linkResolver.cpp, line 773]

ZGC Phase Switch (0 events):
No events

VM Operations (20 events):
Event: 3.797 Executing VM operation: HandshakeAllThreads (Deoptimize)
Event: 3.797 Executing VM operation: HandshakeAllThreads (Deoptimize) done
Event: 4.011 Executing VM operation: HandshakeAllThreads (Deoptimize)
Event: 4.011 Executing VM operation: HandshakeAllThreads (Deoptimize) done
Event: 4.012 Executing VM operation: HandshakeAllThreads (Deoptimize)
Event: 4.012 Executing VM operation: HandshakeAllThreads (Deoptimize) done
Event: 5.012 Executing VM operation: Cleanup
Event: 5.012 Executing VM operation: Cleanup done
Event: 5.105 Executing VM operation: CollectForMetadataAllocation (Metadata GC Threshold)
Event: 5.118 Executing VM operation: CollectForMetadataAllocation (Metadata GC Threshold) done
Event: 5.128 Executing VM operation: G1PauseRemark
Event: 5.130 Executing VM operation: G1PauseRemark done
Event: 5.132 Executing VM operation: G1PauseCleanup
Event: 5.132 Executing VM operation: G1PauseCleanup done
Event: 5.616 Executing VM operation: HandshakeAllThreads (Deoptimize)
Event: 5.616 Executing VM operation: HandshakeAllThreads (Deoptimize) done
Event: 5.617 Executing VM operation: HandshakeAllThreads (Deoptimize)
Event: 5.617 Executing VM operation: HandshakeAllThreads (Deoptimize) done
Event: 6.032 Executing VM operation: HandshakeAllThreads (Deoptimize)
Event: 6.032 Executing VM operation: HandshakeAllThreads (Deoptimize) done

Events (20 events):
Event: 2.770 Thread 0x0000028874bd9490 Thread added: 0x0000028874bd9490
Event: 2.856 Thread 0x00000288743f00a0 Thread added: 0x00000288743f00a0
Event: 2.858 Thread 0x0000028874ccbab0 Thread added: 0x0000028874ccbab0
Event: 2.891 Thread 0x00000288741da7f0 Thread added: 0x00000288741da7f0
Event: 2.900 Thread 0x00000288741e1820 Thread added: 0x00000288741e1820
Event: 2.913 Thread 0x00000288748a07e0 Thread added: 0x00000288748a07e0
Event: 2.917 Thread 0x00000288748a0e70 Thread added: 0x00000288748a0e70
Event: 2.922 Thread 0x00000288748a1b90 Thread added: 0x00000288748a1b90
Event: 3.616 Thread 0x000002887489fac0 Thread added: 0x000002887489fac0
Event: 3.617 Thread 0x0000028859b87dc0 Thread exited: 0x0000028859b87dc0
Event: 3.632 Thread 0x000002887489eda0 Thread added: 0x000002887489eda0
Event: 3.717 Thread 0x000002887489f430 Thread added: 0x000002887489f430
Event: 4.971 Thread 0x0000028859b89900 Thread added: 0x0000028859b89900
Event: 5.066 Thread 0x00000288748a1500 Thread added: 0x00000288748a1500
Event: 5.506 Thread 0x00000288748a0150 Thread added: 0x00000288748a0150
Event: 5.560 Thread 0x0000028874fb7e40 Thread added: 0x0000028874fb7e40
Event: 5.802 Thread 0x0000028874fb3610 Thread added: 0x0000028874fb3610
Event: 5.859 Thread 0x0000028874fb2260 Thread added: 0x0000028874fb2260
Event: 5.886 Thread 0x0000028874fb28f0 Thread added: 0x0000028874fb28f0
Event: 5.907 Thread 0x0000028874fb2f80 Thread added: 0x0000028874fb2f80


Dynamic libraries:
0x00007ff767e10000 - 0x00007ff767e20000 	C:\Program Files\Java\jdk-21\bin\java.exe
0x00007ffc226d0000 - 0x00007ffc228c8000 	C:\WINDOWS\SYSTEM32\ntdll.dll
0x00007ffc207a0000 - 0x00007ffc2085d000 	C:\WINDOWS\System32\KERNEL32.DLL
0x00007ffc1ff90000 - 0x00007ffc20286000 	C:\WINDOWS\System32\KERNELBASE.dll
0x00007ffc205d0000 - 0x00007ffc206d0000 	C:\WINDOWS\System32\ucrtbase.dll
0x00007ffbecaf0000 - 0x00007ffbecb09000 	C:\Program Files\Java\jdk-21\bin\jli.dll
0x00007ffbecad0000 - 0x00007ffbecaeb000 	C:\Program Files\Java\jdk-21\bin\VCRUNTIME140.dll
0x00007ffc21740000 - 0x00007ffc217f0000 	C:\WINDOWS\System32\ADVAPI32.dll
0x00007ffc20ae0000 - 0x00007ffc20b7e000 	C:\WINDOWS\System32\msvcrt.dll
0x00007ffc20e00000 - 0x00007ffc20ea0000 	C:\WINDOWS\System32\sechost.dll
0x00007ffc20c50000 - 0x00007ffc20d73000 	C:\WINDOWS\System32\RPCRT4.dll
0x00007ffc1fe10000 - 0x00007ffc1fe37000 	C:\WINDOWS\System32\bcrypt.dll
0x00007ffc21030000 - 0x00007ffc211cf000 	C:\WINDOWS\System32\USER32.dll
0x00007ffc206d0000 - 0x00007ffc206f2000 	C:\WINDOWS\System32\win32u.dll
0x00007ffc22060000 - 0x00007ffc2208b000 	C:\WINDOWS\System32\GDI32.dll
0x00007ffc204b0000 - 0x00007ffc205c7000 	C:\WINDOWS\System32\gdi32full.dll
0x00007ffc114e0000 - 0x00007ffc1177a000 	C:\WINDOWS\WinSxS\amd64_microsoft.windows.common-controls_6595b64144ccf1df_6.0.19041.3636_none_60b6a03d71f818d5\COMCTL32.dll
0x00007ffc1fe40000 - 0x00007ffc1fedd000 	C:\WINDOWS\System32\msvcp_win.dll
0x00007ffc192a0000 - 0x00007ffc192aa000 	C:\WINDOWS\SYSTEM32\VERSION.dll
0x00007ffc20760000 - 0x00007ffc20792000 	C:\WINDOWS\System32\IMM32.DLL
0x00007ffbfd5e0000 - 0x00007ffbfd5ec000 	C:\Program Files\Java\jdk-21\bin\vcruntime140_1.dll
0x00007ffba70a0000 - 0x00007ffba712e000 	C:\Program Files\Java\jdk-21\bin\msvcp140.dll
0x00007ffba59b0000 - 0x00007ffba66c5000 	C:\Program Files\Java\jdk-21\bin\server\jvm.dll
0x00007ffc21f60000 - 0x00007ffc21fcb000 	C:\WINDOWS\System32\WS2_32.dll
0x00007ffc1f6f0000 - 0x00007ffc1f73b000 	C:\WINDOWS\SYSTEM32\POWRPROF.dll
0x00007ffc15ce0000 - 0x00007ffc15d07000 	C:\WINDOWS\SYSTEM32\WINMM.dll
0x00007ffc1f6d0000 - 0x00007ffc1f6e2000 	C:\WINDOWS\SYSTEM32\UMPDC.dll
0x00007ffc1dbf0000 - 0x00007ffc1dc02000 	C:\WINDOWS\SYSTEM32\kernel.appcore.dll
0x00007ffbf1b80000 - 0x00007ffbf1b8a000 	C:\Program Files\Java\jdk-21\bin\jimage.dll
0x00007ffc11b80000 - 0x00007ffc11d64000 	C:\WINDOWS\SYSTEM32\DBGHELP.DLL
0x00007ffc05860000 - 0x00007ffc05894000 	C:\WINDOWS\SYSTEM32\dbgcore.DLL
0x00007ffc1fd80000 - 0x00007ffc1fe02000 	C:\WINDOWS\System32\bcryptPrimitives.dll
0x00007ffbecac0000 - 0x00007ffbecacf000 	C:\Program Files\Java\jdk-21\bin\instrument.dll
0x00007ffbecaa0000 - 0x00007ffbecabf000 	C:\Program Files\Java\jdk-21\bin\java.dll
0x00007ffc217f0000 - 0x00007ffc21f5b000 	C:\WINDOWS\System32\SHELL32.dll
0x00007ffc1ddf0000 - 0x00007ffc1e58e000 	C:\WINDOWS\SYSTEM32\windows.storage.dll
0x00007ffc212f0000 - 0x00007ffc21643000 	C:\WINDOWS\System32\combase.dll
0x00007ffc1f7b0000 - 0x00007ffc1f7de000 	C:\WINDOWS\SYSTEM32\Wldp.dll
0x00007ffc20b80000 - 0x00007ffc20c4d000 	C:\WINDOWS\System32\OLEAUT32.dll
0x00007ffc20a10000 - 0x00007ffc20abd000 	C:\WINDOWS\System32\SHCORE.dll
0x00007ffc20700000 - 0x00007ffc20755000 	C:\WINDOWS\System32\shlwapi.dll
0x00007ffc1fcb0000 - 0x00007ffc1fcd3000 	C:\WINDOWS\SYSTEM32\profapi.dll
0x00007ffba6fc0000 - 0x00007ffba7097000 	C:\Program Files\Java\jdk-21\bin\jsvml.dll
0x00007ffbec750000 - 0x00007ffbec768000 	C:\Program Files\Java\jdk-21\bin\zip.dll
0x00007ffbec810000 - 0x00007ffbec820000 	C:\Program Files\Java\jdk-21\bin\net.dll
0x00007ffc16650000 - 0x00007ffc1675a000 	C:\WINDOWS\SYSTEM32\WINHTTP.dll
0x00007ffc1f450000 - 0x00007ffc1f4ba000 	C:\WINDOWS\system32\mswsock.dll
0x00007ffbeb760000 - 0x00007ffbeb776000 	C:\Program Files\Java\jdk-21\bin\nio.dll
0x00007ffbeb750000 - 0x00007ffbeb760000 	C:\Program Files\Java\jdk-21\bin\verify.dll
0x00007ffbec770000 - 0x00007ffbec797000 	C:\Users\infod\.gradle\native\c067742578af261105cb4f569cf0c3c89f3d7b1fecec35dd04571415982c5e48\windows-amd64\native-platform.dll
0x00007ffba5860000 - 0x00007ffba59a4000 	C:\Users\infod\.gradle\native\38dada09dfb8b06ba9b0570ebf7e218e3eb74d4ef43ca46872605cf95ebc2f47\windows-amd64\native-platform-file-events.dll
0x00007ffbeb740000 - 0x00007ffbeb74a000 	C:\Program Files\Java\jdk-21\bin\management.dll
0x00007ffbeb730000 - 0x00007ffbeb73b000 	C:\Program Files\Java\jdk-21\bin\management_ext.dll
0x00007ffc21650000 - 0x00007ffc21658000 	C:\WINDOWS\System32\PSAPI.DLL
0x00007ffc1f680000 - 0x00007ffc1f698000 	C:\WINDOWS\SYSTEM32\CRYPTSP.dll
0x00007ffc1ed20000 - 0x00007ffc1ed54000 	C:\WINDOWS\system32\rsaenh.dll
0x00007ffc1fc70000 - 0x00007ffc1fc9e000 	C:\WINDOWS\SYSTEM32\USERENV.dll
0x00007ffc1f670000 - 0x00007ffc1f67c000 	C:\WINDOWS\SYSTEM32\CRYPTBASE.dll
0x00007ffc1f0f0000 - 0x00007ffc1f12b000 	C:\WINDOWS\SYSTEM32\IPHLPAPI.DLL
0x00007ffc21020000 - 0x00007ffc21028000 	C:\WINDOWS\System32\NSI.dll
0x00007ffbeb720000 - 0x00007ffbeb727000 	C:\Program Files\Java\jdk-21\bin\extnet.dll
0x00007ffbeb5b0000 - 0x00007ffbeb5be000 	C:\Program Files\Java\jdk-21\bin\sunmscapi.dll
0x00007ffc202e0000 - 0x00007ffc2043e000 	C:\WINDOWS\System32\CRYPT32.dll
0x00007ffc1f820000 - 0x00007ffc1f848000 	C:\WINDOWS\SYSTEM32\ncrypt.dll
0x00007ffc1f7e0000 - 0x00007ffc1f81b000 	C:\WINDOWS\SYSTEM32\NTASN1.dll
0x00007ffc1acd0000 - 0x00007ffc1acd7000 	C:\WINDOWS\system32\wshunix.dll

dbghelp: loaded successfully - version: 4.0.5 - missing functions: none
symbol engine: initialized successfully - sym options: 0x614 - pdb path: .;C:\Program Files\Java\jdk-21\bin;C:\WINDOWS\SYSTEM32;C:\WINDOWS\WinSxS\amd64_microsoft.windows.common-controls_6595b64144ccf1df_6.0.19041.3636_none_60b6a03d71f818d5;C:\Program Files\Java\jdk-21\bin\server;C:\Users\infod\.gradle\native\c067742578af261105cb4f569cf0c3c89f3d7b1fecec35dd04571415982c5e48\windows-amd64;C:\Users\infod\.gradle\native\38dada09dfb8b06ba9b0570ebf7e218e3eb74d4ef43ca46872605cf95ebc2f47\windows-amd64

VM Arguments:
jvm_args: --add-opens=java.base/java.util=ALL-UNNAMED --add-opens=java.base/java.lang=ALL-UNNAMED --add-opens=java.base/java.lang.invoke=ALL-UNNAMED --add-opens=java.prefs/java.util.prefs=ALL-UNNAMED --add-opens=java.base/java.nio.charset=ALL-UNNAMED --add-opens=java.base/java.net=ALL-UNNAMED --add-opens=java.base/java.util.concurrent.atomic=ALL-UNNAMED -XX:MaxMetaspaceSize=384m -XX:+HeapDumpOnOutOfMemoryError -Xms256m -Xmx512m -Dfile.encoding=windows-1252 -Duser.country=IT -Duser.language=it -Duser.variant -javaagent:C:\Users\infod\.gradle\wrapper\dists\gradle-8.7-bin\bhs2wmbdwecv87pi65oeuq5iu\gradle-8.7\lib\agents\gradle-instrumentation-agent-8.7.jar 
java_command: org.gradle.launcher.daemon.bootstrap.GradleDaemon 8.7
java_class_path (initial): C:\Users\infod\.gradle\wrapper\dists\gradle-8.7-bin\bhs2wmbdwecv87pi65oeuq5iu\gradle-8.7\lib\gradle-launcher-8.7.jar
Launcher Type: SUN_STANDARD

[Global flags]
     intx CICompilerCount                          = 3                                         {product} {ergonomic}
   size_t CompressedClassSpaceSize                 = 335544320                                 {product} {ergonomic}
     uint ConcGCThreads                            = 1                                         {product} {ergonomic}
     uint G1ConcRefinementThreads                  = 4                                         {product} {ergonomic}
   size_t G1HeapRegionSize                         = 1048576                                   {product} {ergonomic}
    uintx GCDrainStackTargetSize                   = 64                                        {product} {ergonomic}
     bool HeapDumpOnOutOfMemoryError               = true                                   {manageable} {command line}
   size_t InitialHeapSize                          = 268435456                                 {product} {command line}
   size_t MarkStackSize                            = 4194304                                   {product} {ergonomic}
   size_t MaxHeapSize                              = 536870912                                 {product} {command line}
   size_t MaxMetaspaceSize                         = 402653184                                 {product} {command line}
   size_t MaxNewSize                               = 321912832                                 {product} {ergonomic}
   size_t MinHeapDeltaBytes                        = 1048576                                   {product} {ergonomic}
   size_t MinHeapSize                              = 268435456                                 {product} {command line}
    uintx NonNMethodCodeHeapSize                   = 5832780                                {pd product} {ergonomic}
    uintx NonProfiledCodeHeapSize                  = 122912730                              {pd product} {ergonomic}
    uintx ProfiledCodeHeapSize                     = 122912730                              {pd product} {ergonomic}
    uintx ReservedCodeCacheSize                    = 251658240                              {pd product} {ergonomic}
     bool SegmentedCodeCache                       = true                                      {product} {ergonomic}
   size_t SoftMaxHeapSize                          = 536870912                              {manageable} {ergonomic}
     bool UseCompressedOops                        = true                           {product lp64_product} {ergonomic}
     bool UseG1GC                                  = true                                      {product} {ergonomic}
     bool UseLargePagesIndividualAllocation        = false                                  {pd product} {ergonomic}

Logging:
Log output configuration:
 #0: stdout all=warning uptime,level,tags foldmultilines=false
 #1: stderr all=off uptime,level,tags foldmultilines=false

Environment Variables:
PATH=C:\Program Files\Common Files\Oracle\Java\javapath;C:\Python39\Scripts\;C:\Python39\;C:\Program Files (x86)\Common Files\Oracle\Java\javapath;C:\Program Files (x86)\Common Files\Intel\Shared Libraries\redist\ia32\compiler;C:\Program Files (x86)\Common Files\Intel\Shared Libraries\redist\intel64\compiler;C:\WINDOWS\system32;C:\WINDOWS;C:\WINDOWS\System32\Wbem;C:\WINDOWS\System32\WindowsPowerShell\v1.0\;C:\WINDOWS\System32\OpenSSH\;C:\Program Files\Common Files\Autodesk Shared\;C:\Program Files\Microsoft SQL Server\120\Tools\Binn\;C:\ProgramData\chocolatey\bin;C:\Program Files\Git\cmd;C:\Program Files\MySQL\MySQL Utilities 1.6\;C:\Program Files (x86)\Paragon Software\APFS for Windows\;C:\Program Files\Amazon\AWSCLIV2\;C:\Users\infod\AppData\Roaming\nvm;C:\Program Files\nodejs;C:\Program Files\Docker\Docker\resources\bin;C:\Users\infod\.console-ninja\.bin;C:\Users\infod\AppData\Local\Programs\Python\Python310\Scripts\;C:\Users\infod\AppData\Local\Programs\Python\Python310\;C:\Users\infod\AppData\Local\Microsoft\WindowsApps;C:\Users\infod\AppData\Local\Programs\Microsoft VS Code\bin;C:\Program Files\JetBrains\PyCharm Community Edition 2022.1.4\bin;C:\Users\infod\AppData\Roaming\npm;C:\Users\infod\AppData\Roaming\nvm;C:\Program Files\nodejs
USERNAME=infod
OS=Windows_NT
PROCESSOR_IDENTIFIER=Intel64 Family 6 Model 58 Stepping 9, GenuineIntel
TMP=C:\Users\infod\AppData\Local\Temp
TEMP=C:\Users\infod\AppData\Local\Temp




Periodic native trim disabled

---------------  S Y S T E M  ---------------

OS:
 Windows 10 , 64 bit Build 19041 (10.0.19041.3636)
OS uptime: 0 days 2:10 hours
Hyper-V role detected

CPU: total 4 (initial active 4) (4 cores per cpu, 1 threads per core) family 6 model 58 stepping 9 microcode 0x21, cx8, cmov, fxsr, mmx, sse, sse2, sse3, ssse3, sse4.1, sse4.2, popcnt, tsc, tscinvbit, avx, aes, erms, clmul, vzeroupper, clflush, hv, rdtscp, f16c
Processor Information for all 4 processors :
  Max Mhz: 3501, Current Mhz: 3501, Mhz Limit: 3501

Memory: 4k page, system-wide physical 7889M (1019M free)
TotalPageFile size 12519M (AvailPageFile size 1M)
current process WorkingSet (physical memory assigned to process): 256M, peak: 263M
current process commit charge ("private bytes"): 429M, peak: 437M

vm_info: Java HotSpot(TM) 64-Bit Server VM (21.0.1+12-LTS-29) for windows-amd64 JRE (21.0.1+12-LTS-29), built on 2023-10-05T13:27:09Z by "mach5one" with MS VC++ 17.1 (VS2022)

END.
